(---------------------------------------------------------------------)
(                                                                     )
(    IPC2581 Export                                                   )
(                                                                     )
(    Software Version : 17.2S052                                      )
(    Date/Time        : Tue Apr 30 11:27:16 2019                      )
(                                                                     )
(---------------------------------------------------------------------)




Collecting net list ...



Collecting padstack defintions ...



Collecting package defintions ...

WARNING:  Multiple PLACE_BOUND outlines defined for the package "QFN50P700X700X90-45N-S530".
  An overall bounding box has been exported.
WARNING:  Multiple PLACE_BOUND outlines defined for the package "MOLEX_74737004".
  An overall bounding box has been exported.
WARNING: No PLACE_BOUND outline found for the package "LOGO_EN-ICE", IGNORED.
WARNING: No PLACE_BOUND outline found for the package "CART_EN-ICE", IGNORED.
WARNING: No PLACE_BOUND outline found for the package "LOCATING", IGNORED.


Collecting component descriptions ...

WARNING: No PLACE_BOUND outline found for the symbol located at (-51.050, 93.400), (SymbolName="LOGO_EN-ICE"), IGNORED.
WARNING: No PLACE_BOUND outline found for the symbol located at (-104.100, -31.400), (SymbolName="CART_EN-ICE"), IGNORED.
WARNING: No PLACE_BOUND outline found for the symbol located at (-54.600, 3.800), (SymbolName="LOCATING"), IGNORED.
WARNING: No PLACE_BOUND outline found for the symbol located at (-54.750, 60.500), (SymbolName="LOCATING"), IGNORED.
WARNING: No PLACE_BOUND outline found for the symbol located at (0.000, 0.000), (SymbolName="LOCATING"), IGNORED.
WARNING: No PLACE_BOUND outline found for the symbol located at (0.000, 63.000), (SymbolName="LOCATING"), IGNORED.


Collecting BOM items ...



Property configuration file: /projects/HEP_Instrumentation/cad/designs/uob-hep-pc053a/trunk/design_files/worklib/pc053a_toplevel/physical/ipc2581_attr_config.atr
IPC2581 file: pc053a_toplevel_33_ans_16-5_routed
IPC2581 version: IPC2581-B
BRD file: /projects/HEP_Instrumentation/cad/designs/uob-hep-pc053a/trunk/design_files/worklib/pc053a_toplevel/physical/pc053a_toplevel_33_ans_16-5_routed.brd
IPC2581 units: MILLIMETER
Global package pin1 orientation: OTHER
Default symbol height: 3.81
Export drill information?: YES
Export BOM information?: YES
Export component descriptions?: YES
Export component packages?: YES
Export land patterns?: YES
Export device descriptions?: YES
Export net list?: YES
Export hierarchical layer/stack instance?: NO
Export Outer Copper Layers?: YES
Export Inner Layers?: YES
Export Documentation Layers?: YES
Export Miscellaneous Image Layers?: YES
Export SolderMask/SolderPaste Legend Layers?: YES
Export vector text?: YES
Export cavities?: NO
Export padstack definitions?: YES
Export zip file?: YES
a2ipc2581 complete.
