(---------------------------------------------------------------------)
(                                                                     )
(    QUICKPLACE LOG                                                   )
(                                                                     )
(    Drawing          : pc053a_toplevel_26.brd                        )
(    Software Version : 16.6-2015S055                                 )
(    Date/Time        : Tue Oct  4 16:25:08 2016                      )
(                                                                     )
(---------------------------------------------------------------------)


State: Placing on layer BOTTOM

         Placed symbol:  IC13 / SY58608UMG-VCC=P3V3 / QFN50P300X300X90-17N-S160 at (13.2282 8.6941)
         Placed symbol:  IC3 / NBSG53AMNG-VCC=P3V3,VEE=GND / QFN50P300X300X100-17N-S185 at (13.2282 4.2409)
         Placed symbol:  IC17 / SY58608UMG-VCC=P3V3 / QFN50P300X300X90-17N-S160 at (13.2282 -0.2123)
         Placed symbol:  IC10 / SN74AVC4T245PW-VCCA=P3V3,VCCB=A / TSSOP16MA_065 at (-23.4639 -10.3082)
         Placed symbol:  IC9 / 74LCX04MTC-VCC=P3V3 / TSSOP14MA_065 at (-18.1122 -10.2482)
         Placed symbol:  IC1 / PCA9306DCU / SOP50P310X90-8N at (-14.9855 -4.5032)
         Placed symbol:  IC5 / ADCMP604BKSZ / SOP65P210X110-6N at (-10.7573 -4.5032)
         Placed symbol:  IC6 / ADCMP604BKSZ / SOP65P210X110-6N at (-6.9541 -4.5032)
         Placed symbol:  IC7 / ADCMP604BKSZ / SOP65P210X110-6N at (-3.1509 -4.5032)
         Placed symbol:  IC14 / SN74AVC1T45DCKR / SOT95P280X145-6N at (0.9773 -4.9532)
         Placed symbol:  IC16 / SN74AVC1T45DCKR / SOT95P280X145-6N at (5.4305 -4.9532)
         Placed symbol:  IC11 / SN74LVC2GU04DCK / SC70_6L at (9.5987 -6.0882)
         Placed symbol:  PX4 / PCOAX-U.FL-R-SMT-1(10) / HIROSE_U-FL-R-SMT-1_10 at (30.1564 63.5218)
         Placed symbol:  PX5 / PCOAX-U.FL-R-SMT-1(10) / HIROSE_U-FL-R-SMT-1_10 at (30.1564 59.2436)
         Placed symbol:  PX3 / PCOAX-U.FL-R-SMT-1(10) / HIROSE_U-FL-R-SMT-1_10 at (30.1564 54.9654)
         Placed symbol:  PX6 / PCOAX-U.FL-R-SMT-1(10) / HIROSE_U-FL-R-SMT-1_10 at (30.1564 50.6872)
         Placed symbol:  PX2 / PCOAX-U.FL-R-SMT-1(10) / HIROSE_U-FL-R-SMT-1_10 at (30.1564 46.4090)
         Placed symbol:  R30 / RSMD0603_1/10W-51,1% / C0603 at (29.3564 43.6558)
         Placed symbol:  R31 / RSMD0603_1/10W-51,1% / C0603 at (29.3564 41.9526)
         Placed symbol:  R27 / RSMD0603_1/10W-51,1% / C0603 at (29.3564 40.2494)
         Placed symbol:  R49 / RSMD0603_1/10W-33,1% / C0603 at (29.3564 38.5462)
         Placed symbol:  R48 / RSMD0603_1/10W-33,1% / C0603 at (29.3564 36.8430)
         Placed symbol:  R47 / RSMD0603_1/10W-33,1% / C0603 at (29.3564 35.1398)
         Placed symbol:  C64 / CAPCERSMDCL2_0603-10UF_X5R,6.3V / C0603 at (29.3564 33.4366)
         Placed symbol:  R46 / RSMD0402_1/16W-51R,5% / C0402 at (29.4147 31.9834)
         Placed symbol:  R45 / RSMD0402_1/16W-51R,5% / C0402 at (29.4147 30.2217)
         Placed symbol:  R50 / RSMD0402_1/16W-750,1% / C0402 at (29.4147 28.4600)
         Placed symbol:  R51 / RSMD0402_1/16W-750,1% / C0402 at (29.4147 26.6983)
         Placed symbol:  R37 / RSMD0402_1/16W-3.0K,1% / C0402 at (29.4147 24.9366)
         Placed symbol:  C2 / CAPACITOR_POLY2.54-10NF,50V / C50X32 at (31.7064 22.0749)
         Placed symbol:  C10 / CAPCERSMDCL2_0402-100NF_X7R,16V / C0402 at (29.4147 19.7717)
         Placed symbol:  C53 / CAPCERSMDCL2_0402-100NF_X7R,16V / C0402 at (29.4147 18.0100)
         Placed symbol:  C55 / CAPCERSMDCL2_0402-100NF_X7R,16V / C0402 at (29.4147 16.2483)
         Placed symbol:  C56 / CAPCERSMDCL2_0402-100NF_X7R,16V / C0402 at (29.4147 14.4866)
         Placed symbol:  C57 / CAPCERSMDCL2_0402-100NF_X7R,16V / C0402 at (29.4147 12.7249)
         Placed symbol:  C58 / CAPCERSMDCL2_0402-100NF_X7R,16V / C0402 at (29.4147 10.9632)
         Placed symbol:  C59 / CAPCERSMDCL2_0402-100NF_X7R,16V / C0402 at (29.4147 9.2015)
         Placed symbol:  C60 / CAPCERSMDCL2_0402-100NF_X7R,16V / C0402 at (29.4147 7.4398)
         Placed symbol:  C65 / CAPCERSMDCL2_0402-100NF_X7R,16V / C0402 at (29.4147 5.6781)
         Placed symbol:  R35 / RSMD0402_1/16W-3.0K,1% / C0402 at (29.4147 3.9164)
         Placed symbol:  C67 / CAPCERSMDCL2_0402-100NF_X7R,16V / C0402 at (29.4147 2.1547)
         Placed symbol:  C23 / CAPCERSMDCL2_0402-100NF_X7R,16V / C0402 at (29.4147 0.3930)
         Placed symbol:  C54 / CAPCERSMDCL2_0402-100NF_X7R,16V / C0402 at (29.4147 -1.3687)
         Placed symbol:  C25 / CAPCERSMDCL2_0402-100NF_X7R,16V / C0402 at (-63.8885 -12.0114)
         Placed symbol:  C26 / CAPCERSMDCL2_0402-100NF_X7R,16V / C0402 at (-61.2270 -12.0114)
         Placed symbol:  C27 / CAPCERSMDCL2_0402-100NF_X7R,16V / C0402 at (-58.5655 -12.0114)
         Placed symbol:  C28 / CAPCERSMDCL2_0402-100NF_X7R,16V / C0402 at (-55.9040 -12.0114)
         Placed symbol:  R10 / RSMD0402_1/16W-1K,1% / C0402 at (-53.2425 -12.0114)
         Placed symbol:  R19 / RSMD0402_1/16W-1K,1% / C0402 at (-50.5810 -12.0114)
         Placed symbol:  R32 / RSMD0402_1/16W-2K,1% / C0402 at (-47.9195 -12.0114)
         Placed symbol:  R33 / RSMD0402_1/16W-2K,1% / C0402 at (-45.2580 -12.0114)
         Placed symbol:  R36 / RSMD0402_1/16W-2K,1% / C0402 at (-42.5965 -12.0114)
         Placed symbol:  R38 / RSMD0402_1/16W-2K,1% / C0402 at (-39.9350 -12.0114)
         Placed symbol:  R3 / RSMD0402_1/16W-2K,1% / C0402 at (-37.2735 -12.0114)
         Placed symbol:  R57 / RSMD0402_1/16W-2K,1% / C0402 at (-34.6120 -12.0114)
         Placed symbol:  C1 / CAPACITOR_POLY2.54-10NF,50V / C50X32 at (-29.6588 -13.1114)
         Placed symbol:  C66 / CAPCERSMDCL2_0402-100NF_X7R,16V / C0402 at (-26.7473 -12.0114)
         Placed symbol:  C12 / CAPCERSMDCL2_0805-2.2UF,10V_GEN / C0805 at (-23.8441 -12.4614)
         Placed symbol:  C69 / CAPCERSMDCL2_0402-100NF,16V_GEN / C0402 at (-20.3826 -12.0114)
         Placed symbol:  R40 / RSMD0402_1/16W-4.7K,1% / C0402 at (-17.7211 -12.0114)
         Placed symbol:  R41 / RSMD0402_1/16W-4.7K,1% / C0402 at (-15.0596 -12.0114)
         Placed symbol:  R42 / RSMD0402_1/16W-4.7K,1% / C0402 at (-12.3981 -12.0114)
         Placed symbol:  R43 / RSMD0402_1/16W-4.7K,1% / C0402 at (-9.7366 -12.0114)
         Placed symbol:  R138 / RSMD0402_1/16W-4.7K,1% / C0402 at (-7.0751 -12.0114)
         Placed symbol:  R242 / RSMD0402_1/16W-4.7K,1% / C0402 at (-4.4136 -12.0114)
         Placed symbol:  R1328 / RSMD0402_1/16W-4.7K,1% / C0402 at (-1.7521 -12.0114)
         Placed symbol:  C7 / CAPCERSMDCL2_0402-100NF,16V_GEN / C0402 at (0.9094 -12.0114)
         Placed symbol:  C20 / CAPCERSMDCL2_0402-100NF,16V_GEN / C0402 at (3.5709 -12.0114)
         Placed symbol:  C9 / CAPCERSMDCL2_0402-100NF,16V_GEN / C0402 at (6.2324 -12.0114)
         Placed symbol:  C117 / CAPCERSMDCL2_0402-100NF,16V_GEN / C0402 at (8.8939 -12.0114)
         Placed symbol:  C8 / CAPCERSMDCL2_0402-100NF,16V_GEN / C0402 at (34.6179 65.2968)
         Placed symbol:  C17 / CAPCERSMDCL2_0402-100NF,16V_GEN / C0402 at (34.6179 63.5351)
         Placed symbol:  C71 / CAPCERSMDCL2_0402-100NF,16V_GEN / C0402 at (34.6179 61.7734)
         Placed symbol:  C72 / CAPCERSMDCL2_0402-100NF,16V_GEN / C0402 at (34.6179 60.0117)
         Placed symbol:  R52 / RSMD0603_-00, / C0603 at (34.5596 58.0000)
         Placed symbol:  R54 / RSMD0603_-00, / C0603 at (34.5596 56.2968)
         Placed symbol:  R53 / RSMD0603_-00, / C0603 at (34.5596 54.5936)
         Placed symbol:  R55 / RSMD0603_-00, / C0603 at (34.5596 52.8904)
         Placed symbol:  TP3 / TP_HOLE-0.8MM / TP_HOLE_08 at (34.3596 50.6872)


Placed 79 of 79 applicable (79 total) symbols.

-----------------------------------------------------------------------

