



    Cadence Design Systems, Inc.
    Packager-XL 16.6-S055 (v16-6-112EM) lnx86 8/3/2015 12:00:00 IST
    (C) Copyright 1994, Cadence Design Systems, Inc.

    Run on Thu Sep  1 16:02:04 2016


 **********************************************
 *  Processing project file and command line  *
 **********************************************



    ANNOTATE  'BODY' 'PIN'
    COMP_DEF_PROP  'ALT_SYMBOLS' 'JEDEC_TYPE' 'NC_PINS' 'MERGE_NC_PINS'
                   'POWER_GROUP' 'POWER_PINS' 'MERGE_POWER_PINS' 'PINCOUNT'
    COMP_INST_PROP  'GROUP' 'ROOM' 'REUSE_INSTANCE' 'REUSE_ID' 'REUSE_NAME'
                    'SIGNAL_MODEL' 'DEFAULT_SIGNAL_MODEL'
                    'VOLT_TEMP_SIGNAL_MODEL' 'SYMBOL_EDITED'
                    'INCLUDE_IN_RF_TOPOLOGY' 'CDS_RF_GROUP' 'NO_XNET_CONNECTION'
                    'EMBEDDED_PLACEMENT' 'ASI_MODEL' 'ISRFELEMENT'
                    'RFELEMENTTYPE' 'RFLAYER' 'RFLAYER1' 'RFLAYER2' 'RFLAYER3'
                    'RFLAYER4' 'RFLAYER5' 'RFLAYER6' 'RFLAYER7' 'RFLAYER8'
                    'RFLAYER9' 'RFLAYER10' 'RFLAYER11' 'RFLAYER12' 'RFLAYER13'
                    'RFLAYER14' 'RFLAYER15' 'RFLAYER16' 'RFCOUPLINGMODE'
                    'RFFLIPMODE' 'RFANGLE' 'RFANGLE1' 'RFWIDTH' 'RFWIDTH1'
                    'RFWIDTH2' 'RFWIDTH3' 'RFWIDTH4' 'RFWIDTH5' 'RFWIDTH6'
                    'RFWIDTH7' 'RFWIDTH8' 'RFWIDTH9' 'RFWIDTH10' 'RFWIDTH11'
                    'RFWIDTH12' 'RFWIDTH13' 'RFWIDTH14' 'RFWIDTH15' 'RFWIDTH16'
                    'RFLENGTH' 'RFLENGTH1' 'RFLENGTH2' 'RFLENGTH3' 'RFLENGTH4'
                    'RFLENGTH5' 'RFLENGTH6' 'RFLENGTH7' 'RFLENGTH8' 'RFSPACING'
                    'RFSPACING1' 'RFSPACING2' 'RFSPACING3' 'RFSPACING4'
                    'RFSPACING5' 'RFSPACING6' 'RFSPACING7' 'RFSPACING8'
                    'RFSPACING9' 'RFSPACING10' 'RFSPACING11' 'RFSPACING12'
                    'RFSPACING13' 'RFSPACING14' 'RFSPACING15' 'RFOFFSETX'
                    'RFOFFSETY' 'RFRADIUS' 'RFDEPTH' 'RFFREQUENCY'
                    'RFMITERFRACTION' 'RFBENDMODE' 'RFNUMBERLEGS'
                    'RFNUMBERPAIRS' 'RFNUMBERTURNS' 'RFCAPACITANCE'
                    'RFRESISTANCE' 'RFINDUCTANCE' 'RFPADSTACKNAME'
                    'RFPADSSMNAME1' 'RFPADSSMNAME2' 'RFPADBEGINLAYER'
                    'RFPADENDLAYER' 'RFPADLINEWIDTH1' 'RFPADLINEWIDTH2'
                    'RFPADDIAMETER1' 'RFPADDIAMETER2' 'RFPADLENGTH1'
                    'RFPADLENGTH2' 'RFHOLEDIAMETER' 'RFPADANGLE' 'RFDRANAME'
                    'RFPADTYPE' 'RFUID' 'RFBLOCK' 'RFDCNET' 'RFGROUP' 'MWO_NAME'
                    'CDS_FSP_LIB_PART_MODEL' 'CDS_FSP_IS_FPGA'
                    'CDS_FSP_INSTANCE_NAME' 'CDS_FSP_INSTANCE_ID'
    SUPPRESS_GLOBAL_SHORT_CHECK OFF
    DEBUG    0
    DEFAULT_PHYS_DES_PREFIX U
    FEEDBACK  'OFF'
    MAX_ERRORS 999
    NET_NAME_CHARS   @  -  !  #  %  &  (  )  *  .  /  :  ?  [  ]  ^  _  `  +
                     =  >  0  1  2  3  4  5  6  7  8  9
    NET_NAME_LENGTH 31
    NUM_OLD_VERSIONS 3
    OPTIMIZE OFF
    REUSE_REFDES ON
    OPF_OPTIMIZATION OFF
    HARD_LOC_SEC OFF
    FORCE_PTF_ENTRY OFF
    REGENERATE_PHYSICAL_NET_NAME OFF
    SCH_POWER_GROUP_WINS_OVER_PPT OFF
    NULL_OPT_VALID OFF
    USE_VECTOR_NOTATION ON
    FILTER_ECS_FROM_XNET ON
    OUTPUT  'ON'
    PACKAGE_PROP  'GROUP' 'ROOM'
    PART_TYPE_LENGTH 31
    PPT 
         /projects/HEP_Instrumentation/cad/bris_cdslib/lib_psd14.x/cds_analogue/cds_an~
alogue.ptf 
         /projects/HEP_Instrumentation/cad/bris_cdslib/lib_psd14.x/cds_connectors/cds_~
connectors.ptf 
         /projects/HEP_Instrumentation/cad/bris_cdslib/lib_psd14.x/cds_logic/cds_logic~
.ptf 
         /projects/HEP_Instrumentation/cad/bris_cdslib/lib_psd14.x/cds_pld/cds_pld.ptf 
         /projects/HEP_Instrumentation/cad/bris_cdslib/lib_psd14.x/cds_special/cds_spe~
cial.ptf 
         /projects/HEP_Instrumentation/cad/cern_cdslib/lib_psd16.x/concept_libs/pe16/p~
e_cern_lib/cninterface 
         /projects/HEP_Instrumentation/cad/cern_cdslib/lib_psd16.x/concept_libs/pe16/p~
e_cern_lib/parttables/cnconnector.ptf 
         /projects/HEP_Instrumentation/cad/cern_cdslib/lib_psd16.x/concept_libs/pe16/p~
e_cern_lib/parttables/cndiscrete.ptf 
         /projects/HEP_Instrumentation/cad/cern_cdslib/lib_psd16.x/concept_libs/pe16/p~
e_cern_lib/parttables/cnpassive.ptf 
    REF_DES_LENGTH 31
    REPACKAGE ON
    ELECTRICAL_CONSTRAINTS ON
    OVERWRITE_CONSTRAINTS OFF
    RUN_DIR ./worklib/pc053a_toplevel/packaged/
    STRICT_PACKAGE_PROP  'REUSE_INSTANCE'
    USE_LIBRARY_PPT ON
    USE_STATE OFF
    WARNINGS ON
    LIBRARY  'uob_hep_pc053a_lib' 'cnstandard' 'cnpower' 'cnconnector'
             'cndiscrete' 'cninterface' 'cnlinear' 'cnmemory' 'cnspecial'
             'cnmech' 'cncmos' 'standard' 'bris_cds_standard' 'bris_cds_logic'
             'cnpassive' 'bris_cds_analogue' 'bris_cds_discrete'
    CDSPROP_FILE 
    VIEW_PTF part_table
    VIEW_PACKAGER packaged
    VIEW_CONSTRAINTS sch_1
    DESIGN_LIBRARY uob_hep_pc053a_lib
    DESIGN_NAME pc053a_toplevel
    VIEW_CONFIG_PHYSICAL cfg_package
    SD_SUFFIX_SEPARATOR _
    STOP_PST_GEN_ON_PTF_MISMATCH ON
    IGNORE_PRIM_BINDING OFF
    LOG_INST_PHYS_PATH ON
    ANNOTATE_VISIBLE_SEC OFF
    PTF_MISMATCH_EXCLUDE_INJ_PROP  'ALL'
    IMPORT_HFS_HARDSEC_ON_SWAP_PINS OFF
    ALLOW_PTFVALUE_INITIAL_BLANKS ON
    PRESERVE_UNSUBSTITUTED_MACROS OFF
    DETECT_SYS_NETSHORTS_PKG ON
    PROCESS_PIN_SHORT_PROP OFF
    STOP_PACKAGE_ON_SCHEMATIC_ERROR OFF
    LOCK_FILE_PERM 444
    LOCK_FOR_SAME_USER OFF
    ERROR_ON_MISMATCHED_INTERFACE ON
    RETAIN_ZERO_NODE_NETS OFF
    IGNORE_ERR_EMPTY_LONGPARTNAME OFF
    ERROR_ILLEGAL_QUOTE_PPT OFF
    B2F_OVERWRITE_CONSTRAINTS OFF
    ERROR_ON_PARTIAL_INSTANTIATION_OF_HSS OFF
    RUN_HIERWR_BEFORE_PXL OFF
    IMPORT_CONSTRAINTS_ONLY_FEEDBACK OFF

 **************************************************************
 *  End processing project file and command line  (00:00:00)  *
 **************************************************************


Creating Configuration "cfg_package" for Design "pc053a_toplevel"

INFO(SPCODD-181): Loading /software/CAD/Cadence/2015-16/RHELx86/SPB_16.60.055/~
share/cdssetup/cdsprop.tmf.
INFO(SPCODD-181): Loading /software/CAD/Cadence/2015-16/RHELx86/SPB_16.60.055/~
share/cdssetup/cdsprop.paf.
INFO(SPCODD-181): Loading /projects/HEP_Instrumentation/cad/bris_cdslib/lib_ps~
d14.x/cds_analogue/cds_analogue.ptf.
INFO(SPCODD-181): Loading /projects/HEP_Instrumentation/cad/bris_cdslib/lib_ps~
d14.x/cds_connectors/cds_connectors.ptf.
INFO(SPCODD-181): Loading /projects/HEP_Instrumentation/cad/bris_cdslib/lib_ps~
d14.x/cds_logic/cds_logic.ptf.
INFO(SPCODD-181): Loading /projects/HEP_Instrumentation/cad/bris_cdslib/lib_ps~
d14.x/cds_pld/cds_pld.ptf.
INFO(SPCODD-181): Loading /projects/HEP_Instrumentation/cad/bris_cdslib/lib_ps~
d14.x/cds_special/cds_special.ptf.
INFO(SPCODD-181): Loading /projects/HEP_Instrumentation/cad/cern_cdslib/lib_ps~
d16.x/concept_libs/pe16/pe_cern_lib/parttables/cnconnector.ptf.
INFO(SPCODD-181): Loading /projects/HEP_Instrumentation/cad/cern_cdslib/lib_ps~
d16.x/concept_libs/pe16/pe_cern_lib/parttables/cndiscrete.ptf.
INFO(SPCODD-181): Loading /projects/HEP_Instrumentation/cad/cern_cdslib/lib_ps~
d16.x/concept_libs/pe16/pe_cern_lib/parttables/cnpassive.ptf.

 *********************************
 *  Loading the design database  *
 *********************************

INFO(SPCODD-181): Loading /projects/HEP_Instrumentation/cad/cern_cdslib/lib_ps~
d16.x/concept_libs/pe16/pe_cern_lib/cninterface/74avc2t45/part_table/74avc2t45~
.ptf.
INFO(SPCODD-181): Loading /projects/HEP_Instrumentation/cad/cern_cdslib/lib_ps~
d16.x/concept_libs/pe16/pe_cern_lib/cnconnector/con400p_40abcdefghjk/part_tabl~
e/con400p_40abcdefghjk.ptf.
INFO(SPCODD-181): Loading /projects/HEP_Instrumentation/cad/cern_cdslib/lib_ps~
d16.x/concept_libs/pe16/pe_cern_lib/cninterface/pca9517/part_table/part.ptf.
INFO(SPCODD-181): Loading /projects/HEP_Instrumentation/cad/cern_cdslib/lib_ps~
d16.x/concept_libs/pe16/pe_cern_lib/cnconnector/con3p/part_table/con3p.ptf.
INFO(SPCODD-181): Loading /projects/HEP_Instrumentation/cad/cern_cdslib/lib_ps~
d16.x/concept_libs/pe16/pe_cern_lib/cnpassive/capcersmdcl2/part_table/capcersm~
dcl2.ptf.
INFO(SPCODD-181): Loading /projects/HEP_Instrumentation/cad/cern_cdslib/lib_ps~
d16.x/concept_libs/pe16/pe_cern_lib/cnmemory/24aa025e48/part_table/24aa025e48.~
ptf.
INFO(SPCODD-181): Loading /projects/HEP_Instrumentation/cad/cern_cdslib/lib_ps~
d16.x/concept_libs/pe16/pe_cern_lib/cninterface/74avc8t245/part_table/74avc8t2~
45.ptf.
INFO(SPCODD-181): Loading /projects/HEP_Instrumentation/cad/cern_cdslib/lib_ps~
d16.x/concept_libs/pe16/pe_cern_lib/cninterface/sn65lvdt125/part_table/part.pt~
f.
INFO(SPCODD-181): Loading /projects/HEP_Instrumentation/cad/cern_cdslib/lib_ps~
d16.x/concept_libs/pe16/pe_cern_lib/cninterface/74lcx04/part_table/74lcx04.ptf.
INFO(SPCODD-181): Loading /projects/HEP_Instrumentation/cad/cern_cdslib/lib_ps~
d16.x/concept_libs/pe16/pe_cern_lib/cninterface/adn2814/part_table/adn2814.ptf.
INFO(SPCODD-181): Loading /projects/HEP_Instrumentation/cad/cern_cdslib/lib_ps~
d16.x/concept_libs/pe16/pe_cern_lib/cndiscrete/inductance/part_table/inductanc~
e.ptf.
INFO(SPCODD-181): Loading /projects/HEP_Instrumentation/cad/cern_cdslib/lib_ps~
d16.x/concept_libs/pe16/pe_cern_lib/cnconnector/con20p_sfp/part_table/con20p_s~
fp.ptf.
INFO(SPCODD-181): Loading /projects/HEP_Instrumentation/cad/cern_cdslib/lib_ps~
d16.x/concept_libs/pe16/pe_cern_lib/cnmech/sfp_cage/part_table/sfp_cage.ptf.
INFO(SPCODD-181): Loading /projects/HEP_Instrumentation/cad/cern_cdslib/lib_ps~
d16.x/concept_libs/pe16/pe_cern_lib/cnpassive/tp/part_table/tp.ptf.
INFO(SPCODD-181): Loading /projects/HEP_Instrumentation/cad/cern_cdslib/lib_ps~
d16.x/concept_libs/pe16/pe_cern_lib/cninterface/nbsg53a/part_table/nbsg53a.ptf.
INFO(SPCODD-181): Loading /projects/HEP_Instrumentation/cad/cern_cdslib/lib_ps~
d16.x/concept_libs/pe16/pe_cern_lib/cninterface/sy58608u/part_table/sy58608u.p~
tf.
INFO(SPCODD-181): Loading /projects/HEP_Instrumentation/cad/cern_cdslib/lib_ps~
d16.x/concept_libs/pe16/pe_cern_lib/cninterface/74avc4t245/part_table/74avc4t2~
45.ptf.
INFO(SPCODD-181): Loading /projects/HEP_Instrumentation/cad/cern_cdslib/lib_ps~
d16.x/concept_libs/pe16/pe_cern_lib/cnpassive/capacitor/part_table/capacitor.p~
tf.
INFO(SPCODD-181): Loading /projects/HEP_Instrumentation/cad/cern_cdslib/lib_ps~
d16.x/concept_libs/pe16/pe_cern_lib/cndiscrete/led1/part_table/led1.ptf.
INFO(SPCODD-181): Loading /projects/HEP_Instrumentation/cad/cern_cdslib/lib_ps~
d16.x/concept_libs/pe16/pe_cern_lib/cnlinear/tps799xx/part_table/part.ptf.
INFO(SPCODD-181): Loading /projects/HEP_Instrumentation/cad/cern_cdslib/lib_ps~
d16.x/concept_libs/pe16/pe_cern_lib/cninterface/si5344/part_table/si5344.ptf.
INFO(SPCODD-181): Loading /projects/HEP_Instrumentation/cad/bris_cdslib/lib_ps~
d14.x/cds_discrete/dsc1123ci5/part_table/DSC1123CI5.ptf.
INFO(SPCODD-181): Loading /projects/HEP_Instrumentation/cad/cern_cdslib/lib_ps~
d16.x/concept_libs/pe16/pe_cern_lib/cninterface/pca9306/part_table/pca9306.ptf.
INFO(SPCODD-181): Loading /projects/HEP_Instrumentation/cad/cern_cdslib/lib_ps~
d16.x/concept_libs/pe16/pe_cern_lib/cnconnector/pcoax/part_table/pcoax.ptf.

 ****************************************
 *  Starting to assign physical parts.  *
 ****************************************


 ***********************************************
 *  End assigning physical parts.  (00:00:00)  *
 ***********************************************


 ***************
 *  Packaging  *
 ***************


 *******************************
 *  End packaging  (00:00:00)  *
 *******************************

INFO(SPCOPK-1442): No errors detected
INFO(SPCOPK-1444): No warnings detected
    Start time   16:02:04
    End time     16:02:05
    CPU time      0:00:00
    Elapsed time  0:00:01

 ***************************************************************************
 *  Packager-XL execution done.
 ***************************************************************************
Starting to audit ECsets in the design...
Audit completed successfully.