	(Comment
		(Time 08/19/16,10:17:25)
		(User phpgb)
		(MsgId ECO_081)
		(Text "Symbol sym_1 added to cell")
		(Param1 "sym_1")
	)
	(Comment
		(Time 08/19/16,10:36:45)
		(User phpgb)
		(MsgId ECO_082)
		(Text "Symbol sym_1 deleted from cell")
		(Param1 "sym_1")
	)
	(Comment
		(Time 08/19/16,10:36:47)
		(User phpgb)
		(MsgId ECO_081)
		(Text "Symbol sym_1 added to cell")
		(Param1 "sym_1")
	)
	(Comment
		(Time 08/19/16,10:36:55)
		(User phpgb)
		(MsgId ECO_081)
		(Text "Symbol sym_2 added to cell")
		(Param1 "sym_2")
	)
	(Comment
		(Time 08/19/16,10:38:12)
		(User phpgb)
		(MsgId ECO_082)
		(Text "Symbol sym_1 deleted from cell")
		(Param1 "sym_1")
	)
	(Comment
		(Time 08/19/16,10:38:17)
		(User phpgb)
		(MsgId ECO_082)
		(Text "Symbol sym_2 deleted from cell")
		(Param1 "sym_2")
	)
	(Comment
		(Time 08/19/16,10:38:19)
		(User phpgb)
		(MsgId ECO_081)
		(Text "Symbol sym_1 added to cell")
		(Param1 "sym_1")
	)
	(Comment
		(Time 08/19/16,10:39:15)
		(User phpgb)
		(MsgId ECO_081)
		(Text "Symbol sym_2 added to cell")
		(Param1 "sym_2")
	)
	(Comment
		(Time 08/19/16,10:41:29)
		(User phpgb)
		(MsgId ECO_081)
		(Text "Symbol sym_3 added to cell")
		(Param1 "sym_3")
	)
	(Comment
		(Time 08/19/16,10:42:21)
		(User phpgb)
		(MsgId ECO_021)
		(Text "Package RJ45_MOLEX_0445600012 added to cell")
		(Param1 "RJ45_MOLEX_0445600012")
	)
