

    Cadence Design Systems, Inc.
    Bomhdl 16.6-S054 (v16-6-112EJ) 7/20/2015
    Copyright 2011 Cadence Design Systems, Inc, Cadence Design Systems, Inc.

    Run on Thu Sep  1 13:34:25 2016


*****************************
*  Processing project file  *
*****************************

    DESIGN_LIBRARY 'uob_hep_pc053a_lib'
    DESIGN_NAME 'pc053a_toplevel'
    VIEW_SCHEMATIC 'sch_1'
    VIEW_PACKAGER 'packaged'
    VIEW_VARIANT 'variant'
    VIEW_BOM ''
    VIEW_CONFIG_PHYSICAL 'cfg_package'
    PPT '/projects/HEP_Instrumentation/cad/bris_cdslib/lib_psd14.x/cds_analogue/cds_analogue.ptf' '/projects/HEP_Instrumentation/cad/bris_cdslib/lib_psd14.x/cds_connectors/cds_connectors.ptf' '/projects/HEP_Instrumentation/cad/bris_cdslib/lib_psd14.x/cds_logic/cds_logic.ptf' '/projects/HEP_Instrumentation/cad/bris_cdslib/lib_psd14.x/cds_pld/cds_pld.ptf' '/projects/HEP_Instrumentation/cad/bris_cdslib/lib_psd14.x/cds_special/cds_special.ptf' '/projects/HEP_Instrumentation/cad/cern_cdslib/lib_psd16.x/concept_libs/pe16/pe_cern_lib/cninterface' '/projects/HEP_Instrumentation/cad/cern_cdslib/lib_psd16.x/concept_libs/pe16/pe_cern_lib/parttables/cnconnector.ptf' '/projects/HEP_Instrumentation/cad/cern_cdslib/lib_psd16.x/concept_libs/pe16/pe_cern_lib/parttables/cndiscrete.ptf' '/projects/HEP_Instrumentation/cad/cern_cdslib/lib_psd16.x/concept_libs/pe16/pe_cern_lib/parttables/cnpassive.ptf'
    USE_LIBRARY_PPT 'on'
    MERGE_PPT 'on'
    INCLUDE_PPT ''
    EXCLUDE_PPT ''
    SPREADSHEET 'OFF'
    LAST_OUTPUT_FILE 'BOM.rpt'
    TEMPLATE_FILE 'template.bom'

*********************************
*  End processing project file  *
*********************************

 
Initializing tool communication modules... 
Checking the presence of variant and BOM view. 
Set the DDBPI message handlers and Tool start time. 
Initialize jlg string table. 

*********************************
*  Loading the design database  *
*********************************

Start loading the design. 
Loading logical design view of pc053a_toplevel 
Setting design view directives...
 
Loading pstX files...
 

Loading... /projects/HEP_Instrumentation/cad/designs/uob-hep-pc053a/trunk/design_files/worklib/pc053a_toplevel/packaged/pstchip.dat
 

Loading... /projects/HEP_Instrumentation/cad/designs/uob-hep-pc053a/trunk/design_files/worklib/pc053a_toplevel/packaged/pstxprt.dat
 

Loading... /projects/HEP_Instrumentation/cad/designs/uob-hep-pc053a/trunk/design_files/worklib/pc053a_toplevel/packaged/pstxnet.dat
 
packaging the design view... 
End loading logical design view of pc053a_toplevel 
Reading cell level PPTs... 
INFO(SPCODD-181): Loading /projects/HEP_Instrumentation/cad/bris_cdslib/lib_psd14.x/cds_analogue/cds_analogue.ptf.
 
INFO(SPCODD-181): Loading /projects/HEP_Instrumentation/cad/bris_cdslib/lib_psd14.x/cds_connectors/cds_connectors.ptf.
 
INFO(SPCODD-181): Loading /projects/HEP_Instrumentation/cad/bris_cdslib/lib_psd14.x/cds_logic/cds_logic.ptf.
 
INFO(SPCODD-181): Loading /projects/HEP_Instrumentation/cad/bris_cdslib/lib_psd14.x/cds_pld/cds_pld.ptf.
 
INFO(SPCODD-181): Loading /projects/HEP_Instrumentation/cad/bris_cdslib/lib_psd14.x/cds_special/cds_special.ptf.
 
INFO(SPCODD-181): Loading /projects/HEP_Instrumentation/cad/cern_cdslib/lib_psd16.x/concept_libs/pe16/pe_cern_lib/parttables/cnconnector.ptf.
 
INFO(SPCODD-181): Loading /projects/HEP_Instrumentation/cad/cern_cdslib/lib_psd16.x/concept_libs/pe16/pe_cern_lib/parttables/cndiscrete.ptf.
 
INFO(SPCODD-181): Loading /projects/HEP_Instrumentation/cad/cern_cdslib/lib_psd16.x/concept_libs/pe16/pe_cern_lib/parttables/cnpassive.ptf.
 
INFO(SPCODD-181): Loading /projects/HEP_Instrumentation/cad/cern_cdslib/lib_psd16.x/concept_libs/pe16/pe_cern_lib/cnpassive/capcersmdcl2/part_table/capcersmdcl2.ptf.
 
INFO(SPCODD-181): Loading /projects/HEP_Instrumentation/cad/cern_cdslib/lib_psd16.x/concept_libs/pe16/pe_cern_lib/cninterface/74avc2t45/part_table/74avc2t45.ptf.
 
INFO(SPCODD-181): Loading /projects/HEP_Instrumentation/cad/cern_cdslib/lib_psd16.x/concept_libs/pe16/pe_cern_lib/cninterface/sn65lvdt125/part_table/part.ptf.
 
INFO(SPCODD-181): Loading /projects/HEP_Instrumentation/cad/cern_cdslib/lib_psd16.x/concept_libs/pe16/pe_cern_lib/cnconnector/pcoax/part_table/pcoax.ptf.
 
INFO(SPCODD-181): Loading /projects/HEP_Instrumentation/cad/cern_cdslib/lib_psd16.x/concept_libs/pe16/pe_cern_lib/cninterface/74lcx04/part_table/74lcx04.ptf.
 
INFO(SPCODD-181): Loading /projects/HEP_Instrumentation/cad/cern_cdslib/lib_psd16.x/concept_libs/pe16/pe_cern_lib/cninterface/si5344/part_table/si5344.ptf.
 
INFO(SPCODD-181): Loading /projects/HEP_Instrumentation/cad/cern_cdslib/lib_psd16.x/concept_libs/pe16/pe_cern_lib/cnconnector/con3p/part_table/con3p.ptf.
 
INFO(SPCODD-181): Loading /projects/HEP_Instrumentation/cad/bris_cdslib/lib_psd14.x/cds_discrete/dsc1123ci5/part_table/DSC1123CI5.ptf.
 
INFO(SPCODD-181): Loading /projects/HEP_Instrumentation/cad/cern_cdslib/lib_psd16.x/concept_libs/pe16/pe_cern_lib/cnlinear/tps799xx/part_table/part.ptf.
 
INFO(SPCODD-181): Loading /projects/HEP_Instrumentation/cad/cern_cdslib/lib_psd16.x/concept_libs/pe16/pe_cern_lib/cnpassive/tp/part_table/tp.ptf.
 
INFO(SPCODD-181): Loading /projects/HEP_Instrumentation/cad/cern_cdslib/lib_psd16.x/concept_libs/pe16/pe_cern_lib/cninterface/pca9306/part_table/pca9306.ptf.
 
INFO(SPCODD-181): Loading /projects/HEP_Instrumentation/cad/cern_cdslib/lib_psd16.x/concept_libs/pe16/pe_cern_lib/cnmemory/24aa025e48/part_table/24aa025e48.ptf.
 
INFO(SPCODD-181): Loading /projects/HEP_Instrumentation/cad/cern_cdslib/lib_psd16.x/concept_libs/pe16/pe_cern_lib/cninterface/pca9517/part_table/part.ptf.
 
INFO(SPCODD-181): Loading /projects/HEP_Instrumentation/cad/cern_cdslib/lib_psd16.x/concept_libs/pe16/pe_cern_lib/cnconnector/con400p_40abcdefghjk/part_table/con400p_40abcdefghjk.ptf.
 
INFO(SPCODD-181): Loading /projects/HEP_Instrumentation/cad/cern_cdslib/lib_psd16.x/concept_libs/pe16/pe_cern_lib/cnpassive/capacitor/part_table/capacitor.ptf.
 
INFO(SPCODD-181): Loading /projects/HEP_Instrumentation/cad/cern_cdslib/lib_psd16.x/concept_libs/pe16/pe_cern_lib/cninterface/nbsg53a/part_table/nbsg53a.ptf.
 
INFO(SPCODD-181): Loading /projects/HEP_Instrumentation/cad/cern_cdslib/lib_psd16.x/concept_libs/pe16/pe_cern_lib/cninterface/sy58608u/part_table/sy58608u.ptf.
 
INFO(SPCODD-181): Loading /projects/HEP_Instrumentation/cad/cern_cdslib/lib_psd16.x/concept_libs/pe16/pe_cern_lib/cninterface/adn2814/part_table/adn2814.ptf.
 
INFO(SPCODD-181): Loading /projects/HEP_Instrumentation/cad/cern_cdslib/lib_psd16.x/concept_libs/pe16/pe_cern_lib/cnconnector/con20p_sfp/part_table/con20p_sfp.ptf.
 
INFO(SPCODD-181): Loading /projects/HEP_Instrumentation/cad/cern_cdslib/lib_psd16.x/concept_libs/pe16/pe_cern_lib/cndiscrete/inductance/part_table/inductance.ptf.
 
INFO(SPCODD-181): Loading /projects/HEP_Instrumentation/cad/cern_cdslib/lib_psd16.x/concept_libs/pe16/pe_cern_lib/cndiscrete/led1/part_table/led1.ptf.
 
INFO(SPCODD-181): Loading /projects/HEP_Instrumentation/cad/cern_cdslib/lib_psd16.x/concept_libs/pe16/pe_cern_lib/cnmech/sfp_cage/part_table/sfp_cage.ptf.
 
Design loaded successfully. 


******************************************
*  Finished loading the design database  *
******************************************


**********************************
*  Start generating bom reports. *
**********************************

Report generated successfully.

Output file list :
/projects/HEP_Instrumentation/cad/designs/uob-hep-pc053a/trunk/design_files/worklib/pc053a_toplevel/bom/pc053a_toplevel_bom

*********************************
*  End generating bom reports   *
*********************************


**********************************
*  Start generating bom reports. *
**********************************

Report generated successfully.

Output file list :
/projects/HEP_Instrumentation/cad/designs/uob-hep-pc053a/trunk/design_files/worklib/pc053a_toplevel/bom/pc053a_toplevel_bom

*********************************
*  End generating bom reports   *
*********************************


**********************************
*  Start generating bom reports. *
**********************************

Report generated successfully.

Output file list :
/projects/HEP_Instrumentation/cad/designs/uob-hep-pc053a/trunk/design_files/worklib/pc053a_toplevel/bom/pc053a_toplevel_bom.rpt

*********************************
*  End generating bom reports   *
*********************************


**********************************
*  Start generating bom reports. *
**********************************

Report generated successfully.

Output file list :
/projects/HEP_Instrumentation/cad/designs/uob-hep-pc053a/trunk/design_files/worklib/pc053a_toplevel/bom/pc053a_toplevel_bom.rpt

*********************************
*  End generating bom reports   *
*********************************


**********************************
*  Start generating bom reports. *
**********************************

Report generated successfully.

Output file list :
/projects/HEP_Instrumentation/cad/designs/uob-hep-pc053a/trunk/design_files/worklib/pc053a_toplevel/bom/pc053a_toplevel_bom_1perline.rpt

*********************************
*  End generating bom reports   *
*********************************

    Start time   13:34:25
    End time     14:35:47
    Elapsed time  1:01:22

*********************************
*  BOM-HDL execution done.      *
*********************************

