(---------------------------------------------------------------------)
(                                                                     )
(    Downrev Design                                                   )
(                                                                     )
(    Drawing          : pc053a_toplevel_33_ans_16-5.brd               )
(    Software Version : 16.6-2015S058                                 )
(    Date/Time        : Mon Oct 24 15:05:57 2016                      )
(                                                                     )
(---------------------------------------------------------------------)


Design has content that prevents it from being opened in 16.5.
Saving for 16.5 affects the following design data:

  - All properties not supported by earlier revision are removed.
  - New constraints are removed.
  - Film names greater then 18 chars will be renamed.
  - Net/Port groups display shapes and ratbundles are removed.
  - Thieving groups containing CLINEs are removed.
  - Film record option Draw Drill Holes is not supported in earlier versions.
  - ECSet topologies made compatible with release.


Changes made to design for 16.5 compatibility:
   Removed 53 new properties not supported in earlier version.
     o deleted 25 PKGDEF_STEP_TRANSFORMATION properties
     o deleted 28 PKGDEF_STEP_FILE properties

General Information:
   DRC has been marked Out of Date for this design.

SUCCESS: The downrev of the design was successful.

