(---------------------------------------------------------------------)
(                                                                     )
(    Silkscreen Checker DRC log                                       )
(                                                                     )
(    Drawing          : pc053a_toplevel_33_ans_16-5_routed.brd        )
(    Software Version : 16.6-2015S058                                 )
(    Date/Time        : Fri Oct 28 16:08:39 2016                      )
(                                                                     )
(---------------------------------------------------------------------)


TOP text ('R41') at (-33.147 21.209) is 0.0042 mm closer to R40 than its own parent symbol
TOP text ('L2') to Pin Soldermask Pad/req:0.254 mm; actual:0.1168 mm at (-27.3906 42.393)
TOP text ('L2') to Pin Soldermask Pad/req:0.254 mm; actual:0.1094 mm at (-26.4537 42.5904)
TOP text ('C63') at (-23.495 47.371) is 1.0995 mm closer to LD2 than its own parent symbol
TOP text ('C63') at (-23.495 47.371) is 0.3325 mm closer to C64 than its own parent symbol
TOP text ('C62') at (-23.495 46.482) is 0.5468 mm closer to LD2 than its own parent symbol
TOP text ('C62') at (-23.495 46.482) is 0.4225 mm closer to C63 than its own parent symbol
TOP text ('C62') at (-23.495 46.482) is 0.5415 mm closer to C64 than its own parent symbol
TOP text ('C13') at (-17.018 4.826) is 0.0512 mm closer to C12 than its own parent symbol
TOP path to Pin Soldermask Pad/req:0.254 mm; actual:0.0865 mm at (-51.85375 12.215)
TOP path to Pin Soldermask Pad/req:0.254 mm; actual:0.0865 mm at (-51.85375 11.315)
TOP path to Pin Soldermask Pad/req:0.254 mm; actual:0.0865 mm at (-50.58375 12.215)
TOP path to Pin Soldermask Pad/req:0.254 mm; actual:0.0865 mm at (-50.58375 11.315)
TOP path to Pin Soldermask Pad/req:0.254 mm; actual:Overlap at (-46.589 12.39975)
TOP path to Pin Soldermask Pad/req:0.254 mm; actual:Overlap at (-44.089 12.39975)
TOP path to Pin Soldermask Pad/req:0.254 mm; actual:Overlap at (-46.589 13.18625)
TOP path to Pin Soldermask Pad/req:0.254 mm; actual:Overlap at (-46.589 13.59975)
TOP path to Pin Soldermask Pad/req:0.254 mm; actual:Overlap at (-46.589 14.49975)
TOP path to Pin Soldermask Pad/req:0.254 mm; actual:Overlap at (-46.589 14.08625)
TOP path to Pin Soldermask Pad/req:0.254 mm; actual:0.1901 mm at (-46.8562 15.3602)
TOP path to Pin Soldermask Pad/req:0.254 mm; actual:Overlap at (-46.589 15.28625)
TOP path to Pin Soldermask Pad/req:0.254 mm; actual:Overlap at (-44.089 15.28625)
TOP path to Pin Soldermask Pad/req:0.254 mm; actual:0.1165 mm at (-46.959 60.07375)
TOP path to Pin Soldermask Pad/req:0.254 mm; actual:0.1165 mm at (-46.959 58.29025)
TOP path to Pin Soldermask Pad/req:0.254 mm; actual:0.1165 mm at (-46.259 60.07375)
TOP path to Pin Soldermask Pad/req:0.254 mm; actual:0.1146 mm at (-45.6413 59.182)
TOP path to Pin Soldermask Pad/req:0.254 mm; actual:0.1165 mm at (-46.259 58.29025)
TOP path to Pin Soldermask Pad/req:0.254 mm; actual:0.1365 mm at (-45.44075 60.132)
TOP path to Pin Soldermask Pad/req:0.254 mm; actual:0.2115 mm at (-45.309 59.81275)
TOP path to Pin Soldermask Pad/req:0.254 mm; actual:0.2115 mm at (-45.309 58.55125)
TOP path to Pin Soldermask Pad/req:0.254 mm; actual:0.1365 mm at (-45.44075 58.207)
TOP path to Pin Soldermask Pad/req:0.254 mm; actual:0.1165 mm at (-46.259 58.29025)
TOP path to Pin Soldermask Pad/req:0.254 mm; actual:0.1165 mm at (-46.959 58.29025)
TOP path to Pin Soldermask Pad/req:0.254 mm; actual:0.1165 mm at (-46.259 60.07375)
TOP path to Pin Soldermask Pad/req:0.254 mm; actual:0.1165 mm at (-46.959 60.07375)
TOP path to Pin Soldermask Pad/req:0.254 mm; actual:0.0865 mm at (-41.541 11.64625)
TOP path to Pin Soldermask Pad/req:0.254 mm; actual:0.0865 mm at (-42.441 11.64625)
TOP path to Pin Soldermask Pad/req:0.254 mm; actual:0.0865 mm at (-41.541 14.18625)
TOP path to Pin Soldermask Pad/req:0.254 mm; actual:0.0865 mm at (-42.441 14.18625)
TOP path to Pin Soldermask Pad/req:0.254 mm; actual:Overlap at (-44.089 13.18625)
TOP path to Pin Soldermask Pad/req:0.254 mm; actual:Overlap at (-44.089 13.59975)
TOP path to Pin Soldermask Pad/req:0.254 mm; actual:Overlap at (-44.089 14.49975)
TOP path to Pin Soldermask Pad/req:0.254 mm; actual:Overlap at (-44.089 14.08625)
TOP path to Pin Soldermask Pad/req:0.254 mm; actual:0.0865 mm at (-40.16975 26.174)
TOP path to Pin Soldermask Pad/req:0.254 mm; actual:0.0865 mm at (-40.16975 27.074)
TOP path to Pin Soldermask Pad/req:0.254 mm; actual:0.0865 mm at (-39.301 31.40675)
TOP path to Pin Soldermask Pad/req:0.254 mm; actual:0.0865 mm at (-40.201 31.40675)
TOP path to Pin Soldermask Pad/req:0.254 mm; actual:0.0865 mm at (-39.301 30.00975)
TOP path to Pin Soldermask Pad/req:0.254 mm; actual:0.0865 mm at (-40.201 30.00975)
TOP path to Pin Soldermask Pad/req:0.254 mm; actual:0.0865 mm at (-33.667 7.70925)
TOP path to Pin Soldermask Pad/req:0.254 mm; actual:0.0865 mm at (-34.567 7.70925)
TOP path to Pin Soldermask Pad/req:0.254 mm; actual:0.0865 mm at (-39.07825 12.85)
TOP path to Pin Soldermask Pad/req:0.254 mm; actual:0.0865 mm at (-39.07825 11.95)
TOP path to Pin Soldermask Pad/req:0.254 mm; actual:0.147 mm at (-39.3173 13.63565)
TOP path to Pin Soldermask Pad/req:0.254 mm; actual:0.2107 mm at (-39.3388 11.7303)
TOP path to Pin Soldermask Pad/req:0.254 mm; actual:0.0865 mm at (-36.518 11.08675)
TOP path to Pin Soldermask Pad/req:0.254 mm; actual:0.0865 mm at (-35.618 11.08675)
TOP path to Pin Soldermask Pad/req:0.254 mm; actual:0.0865 mm at (-36.518 13.88075)
TOP path to Pin Soldermask Pad/req:0.254 mm; actual:0.0865 mm at (-35.618 13.88075)
TOP path to Pin Soldermask Pad/req:0.254 mm; actual:0.0865 mm at (-34.96275 16.533)
TOP path to Pin Soldermask Pad/req:0.254 mm; actual:0.0865 mm at (-34.96275 15.633)
TOP path to Pin Soldermask Pad/req:0.254 mm; actual:0.0865 mm at (-35.08975 25.412)
TOP path to Pin Soldermask Pad/req:0.254 mm; actual:0.0865 mm at (-35.08975 26.312)
TOP path to Pin Soldermask Pad/req:0.254 mm; actual:0.0865 mm at (-37.788 25.18375)
TOP path to Pin Soldermask Pad/req:0.254 mm; actual:0.0865 mm at (-36.888 25.18375)
TOP path to Pin Soldermask Pad/req:0.254 mm; actual:0.0865 mm at (-37.30025 30.884)
TOP path to Pin Soldermask Pad/req:0.254 mm; actual:0.0865 mm at (-37.30025 29.984)
TOP path to Pin Soldermask Pad/req:0.254 mm; actual:0.0865 mm at (-37.742 60.79525)
TOP path to Pin Soldermask Pad/req:0.254 mm; actual:0.0865 mm at (-36.842 60.79525)
TOP path to Pin Soldermask Pad/req:0.254 mm; actual:0.0865 mm at (-37.742 59.65225)
TOP path to Pin Soldermask Pad/req:0.254 mm; actual:0.0865 mm at (-36.842 59.65225)
TOP path to Pin Soldermask Pad/req:0.254 mm; actual:0.0865 mm at (-30.56925 9.675)
TOP path to Pin Soldermask Pad/req:0.254 mm; actual:0.0865 mm at (-30.56925 8.775)
TOP path to Pin Soldermask Pad/req:0.254 mm; actual:0.0865 mm at (-31.15275 9.675)
TOP path to Pin Soldermask Pad/req:0.254 mm; actual:0.0865 mm at (-31.15275 8.775)
TOP path to Pin Soldermask Pad/req:0.254 mm; actual:0.0865 mm at (-32.42275 8.775)
TOP path to Pin Soldermask Pad/req:0.254 mm; actual:0.0865 mm at (-32.42275 9.675)
TOP path to Pin Soldermask Pad/req:0.254 mm; actual:0.0865 mm at (-29.649 18.96075)
TOP path to Pin Soldermask Pad/req:0.254 mm; actual:0.0865 mm at (-30.549 18.96075)
TOP path to Pin Soldermask Pad/req:0.254 mm; actual:0.0865 mm at (-32.22025 16.533)
TOP path to Pin Soldermask Pad/req:0.254 mm; actual:0.0865 mm at (-32.22025 15.633)
TOP path to Pin Soldermask Pad/req:0.254 mm; actual:0.0865 mm at (-32.67675 16.533)
TOP path to Pin Soldermask Pad/req:0.254 mm; actual:0.0865 mm at (-32.67675 15.633)
TOP path to Pin Soldermask Pad/req:0.254 mm; actual:0.0865 mm at (-33.81975 15.633)
TOP path to Pin Soldermask Pad/req:0.254 mm; actual:0.0865 mm at (-33.81975 16.533)
TOP path to Pin Soldermask Pad/req:0.254 mm; actual:0.0865 mm at (-29.349 22.18725)
TOP path to Pin Soldermask Pad/req:0.254 mm; actual:0.0865 mm at (-30.249 22.18725)
TOP path to Pin Soldermask Pad/req:0.254 mm; actual:0.0865 mm at (-29.349 20.91725)
TOP path to Pin Soldermask Pad/req:0.254 mm; actual:0.0865 mm at (-30.249 20.91725)
TOP path to Pin Soldermask Pad/req:0.254 mm; actual:0.0865 mm at (-33.31175 31.381)
TOP path to Pin Soldermask Pad/req:0.254 mm; actual:0.0865 mm at (-33.31175 32.281)
TOP path to Pin Soldermask Pad/req:0.254 mm; actual:0.0865 mm at (-33.159 42.88825)
TOP path to Pin Soldermask Pad/req:0.254 mm; actual:0.0865 mm at (-34.059 42.88825)
TOP path to Pin Soldermask Pad/req:0.254 mm; actual:0.0865 mm at (-34.059 44.15825)
TOP path to Pin Soldermask Pad/req:0.254 mm; actual:0.0865 mm at (-33.159 44.15825)
TOP path to Pin Soldermask Pad/req:0.254 mm; actual:0.0865 mm at (-34.359 45.37675)
TOP path to Pin Soldermask Pad/req:0.254 mm; actual:0.0865 mm at (-33.459 45.37675)
TOP path to Pin Soldermask Pad/req:0.254 mm; actual:0.0865 mm at (-34.359 46.64675)
TOP path to Pin Soldermask Pad/req:0.254 mm; actual:0.0865 mm at (-33.459 46.64675)
TOP path to Pin Soldermask Pad/req:0.254 mm; actual:0.0865 mm at (-33.159 48.60325)
TOP path to Pin Soldermask Pad/req:0.254 mm; actual:0.0865 mm at (-34.059 48.60325)
TOP path to Pin Soldermask Pad/req:0.254 mm; actual:0.0865 mm at (-34.059 49.87325)
TOP path to Pin Soldermask Pad/req:0.254 mm; actual:0.0865 mm at (-33.159 49.87325)
TOP path to Pin Soldermask Pad/req:0.254 mm; actual:0.2115 mm at (-27.208 1.27425)
TOP path to Pin Soldermask Pad/req:0.254 mm; actual:0.1365 mm at (-27.07625 0.955)
TOP path to Pin Soldermask Pad/req:0.254 mm; actual:0.1165 mm at (-26.258 2.79675)
TOP path to Pin Soldermask Pad/req:0.254 mm; actual:0.1146 mm at (-26.8757 1.905)
TOP path to Pin Soldermask Pad/req:0.254 mm; actual:0.1165 mm at (-26.258 1.01325)
TOP path to Pin Soldermask Pad/req:0.254 mm; actual:0.1365 mm at (-27.07625 2.855)
TOP path to Pin Soldermask Pad/req:0.254 mm; actual:0.2115 mm at (-27.208 2.53575)
TOP path to Pin Soldermask Pad/req:0.254 mm; actual:0.1165 mm at (-26.258 2.79675)
TOP path to Pin Soldermask Pad/req:0.254 mm; actual:0.1165 mm at (-26.258 1.01325)
TOP path to Pin Soldermask Pad/req:0.254 mm; actual:0.0865 mm at (-28.587 15.71025)
TOP path to Pin Soldermask Pad/req:0.254 mm; actual:0.0865 mm at (-29.487 15.71025)
TOP path to Pin Soldermask Pad/req:0.254 mm; actual:0.0865 mm at (-28.587 12.91625)
TOP path to Pin Soldermask Pad/req:0.254 mm; actual:0.0865 mm at (-29.487 12.91625)
TOP path to Pin Soldermask Pad/req:0.254 mm; actual:0.0865 mm at (-28.587 11.51925)
TOP path to Pin Soldermask Pad/req:0.254 mm; actual:0.0865 mm at (-29.487 11.51925)
TOP path to Pin Soldermask Pad/req:0.254 mm; actual:0.0865 mm at (-28.28325 19.962)
TOP path to Pin Soldermask Pad/req:0.254 mm; actual:0.0865 mm at (-28.28325 19.062)
TOP path to Pin Soldermask Pad/req:0.254 mm; actual:0.0865 mm at (-27.52125 29.487)
TOP path to Pin Soldermask Pad/req:0.254 mm; actual:0.0865 mm at (-27.52125 28.587)
TOP path to Pin Soldermask Pad/req:0.254 mm; actual:0.0865 mm at (-26.83475 26.693)
TOP path to Pin Soldermask Pad/req:0.254 mm; actual:0.0865 mm at (-26.83475 25.793)
TOP path to Pin Soldermask Pad/req:0.254 mm; actual:0.0865 mm at (-28.079 32.72825)
TOP path to Pin Soldermask Pad/req:0.254 mm; actual:0.0865 mm at (-28.979 32.72825)
TOP path to Pin Soldermask Pad/req:0.254 mm; actual:0.0865 mm at (-28.979 35.52225)
TOP path to Pin Soldermask Pad/req:0.254 mm; actual:0.0865 mm at (-28.079 35.52225)
TOP path to Pin Soldermask Pad/req:0.254 mm; actual:0.0865 mm at (-25.285 45.04725)
TOP path to Pin Soldermask Pad/req:0.254 mm; actual:0.0865 mm at (-26.185 45.04725)
TOP path to Pin Soldermask Pad/req:0.254 mm; actual:0.1365 mm at (-27.166 47.05675)
TOP path to Pin Soldermask Pad/req:0.254 mm; actual:0.1365 mm at (-25.666 47.05675)
TOP path to Pin Soldermask Pad/req:0.254 mm; actual:0.0865 mm at (-25.585 45.63075)
TOP path to Pin Soldermask Pad/req:0.254 mm; actual:0.0865 mm at (-26.485 45.63075)
TOP path to Pin Soldermask Pad/req:0.254 mm; actual:0.1165 mm at (-25.558 2.79675)
TOP path to Pin Soldermask Pad/req:0.254 mm; actual:0.1165 mm at (-25.558 1.01325)
TOP path to Pin Soldermask Pad/req:0.254 mm; actual:0.1165 mm at (-25.558 2.79675)
TOP path to Pin Soldermask Pad/req:0.254 mm; actual:0.1165 mm at (-25.558 1.01325)
TOP path to Pin Soldermask Pad/req:0.254 mm; actual:0.0865 mm at (-20.81675 2.2)
TOP path to Pin Soldermask Pad/req:0.254 mm; actual:0.0865 mm at (-20.81675 3.1)
TOP path to Pin Soldermask Pad/req:0.254 mm; actual:0.1165 mm at (-22.383 57.78775)
TOP path to Pin Soldermask Pad/req:0.254 mm; actual:0.1165 mm at (-22.383 56.00425)
TOP path to Pin Soldermask Pad/req:0.254 mm; actual:0.1165 mm at (-23.083 57.78775)
TOP path to Pin Soldermask Pad/req:0.254 mm; actual:0.1146 mm at (-23.7007 56.896)
TOP path to Pin Soldermask Pad/req:0.254 mm; actual:0.1165 mm at (-23.083 56.00425)
TOP path to Pin Soldermask Pad/req:0.254 mm; actual:0.2115 mm at (-24.033 56.26525)
TOP path to Pin Soldermask Pad/req:0.254 mm; actual:0.1365 mm at (-23.90125 55.946)
TOP path to Pin Soldermask Pad/req:0.254 mm; actual:0.1165 mm at (-23.083 56.00425)
TOP path to Pin Soldermask Pad/req:0.254 mm; actual:0.1165 mm at (-22.383 56.00425)
TOP path to Pin Soldermask Pad/req:0.254 mm; actual:0.1165 mm at (-22.383 62.48675)
TOP path to Pin Soldermask Pad/req:0.254 mm; actual:0.1165 mm at (-22.383 60.70325)
TOP path to Pin Soldermask Pad/req:0.254 mm; actual:0.1165 mm at (-23.083 62.48675)
TOP path to Pin Soldermask Pad/req:0.254 mm; actual:0.1146 mm at (-23.7007 61.595)
TOP path to Pin Soldermask Pad/req:0.254 mm; actual:0.1165 mm at (-23.083 60.70325)
TOP path to Pin Soldermask Pad/req:0.254 mm; actual:0.2115 mm at (-24.033 60.96425)
TOP path to Pin Soldermask Pad/req:0.254 mm; actual:0.1365 mm at (-23.90125 60.645)
TOP path to Pin Soldermask Pad/req:0.254 mm; actual:0.1165 mm at (-23.083 60.70325)
TOP path to Pin Soldermask Pad/req:0.254 mm; actual:0.1165 mm at (-22.383 60.70325)
TOP path to Pin Soldermask Pad/req:0.254 mm; actual:0.2115 mm at (-24.033 57.52675)
TOP path to Pin Soldermask Pad/req:0.254 mm; actual:0.1365 mm at (-23.90125 57.846)
TOP path to Pin Soldermask Pad/req:0.254 mm; actual:0.1165 mm at (-23.083 57.78775)
TOP path to Pin Soldermask Pad/req:0.254 mm; actual:0.1165 mm at (-22.383 57.78775)
TOP path to Pin Soldermask Pad/req:0.254 mm; actual:0.2115 mm at (-24.033 62.22575)
TOP path to Pin Soldermask Pad/req:0.254 mm; actual:0.1365 mm at (-23.90125 62.545)
TOP path to Pin Soldermask Pad/req:0.254 mm; actual:0.1165 mm at (-23.083 62.48675)
TOP path to Pin Soldermask Pad/req:0.254 mm; actual:0.1165 mm at (-22.383 62.48675)
TOP path to Pin Soldermask Pad/req:0.254 mm; actual:0.0865 mm at (-16.91675 2.2)
TOP path to Pin Soldermask Pad/req:0.254 mm; actual:0.0865 mm at (-16.91675 3.1)
TOP path to Pin Soldermask Pad/req:0.254 mm; actual:0.0865 mm at (-18.21675 2.2)
TOP path to Pin Soldermask Pad/req:0.254 mm; actual:0.0865 mm at (-18.21675 3.1)
TOP path to Pin Soldermask Pad/req:0.254 mm; actual:0.0865 mm at (-19.51675 2.2)
TOP path to Pin Soldermask Pad/req:0.254 mm; actual:0.0865 mm at (-19.51675 3.1)
TOP path to Pin Soldermask Pad/req:0.254 mm; actual:0.0865 mm at (-18.427 16.59925)
TOP path to Pin Soldermask Pad/req:0.254 mm; actual:0.0865 mm at (-19.327 16.59925)
TOP path to Pin Soldermask Pad/req:0.254 mm; actual:0.0865 mm at (-19.327 17.86925)
TOP path to Pin Soldermask Pad/req:0.254 mm; actual:0.0865 mm at (-18.427 17.86925)
TOP path to Pin Soldermask Pad/req:0.254 mm; actual:0.0865 mm at (-16.014 34.12525)
TOP path to Pin Soldermask Pad/req:0.254 mm; actual:0.0865 mm at (-16.914 34.12525)
TOP path to Pin Soldermask Pad/req:0.254 mm; actual:0.0865 mm at (-18.935 38.18925)
TOP path to Pin Soldermask Pad/req:0.254 mm; actual:0.0865 mm at (-19.835 38.18925)
TOP path to Pin Soldermask Pad/req:0.254 mm; actual:0.0865 mm at (-16.314 35.34375)
TOP path to Pin Soldermask Pad/req:0.254 mm; actual:0.0865 mm at (-17.214 35.34375)
TOP path to Pin Soldermask Pad/req:0.254 mm; actual:0.0865 mm at (-19.835 40.85625)
TOP path to Pin Soldermask Pad/req:0.254 mm; actual:0.0865 mm at (-18.935 40.85625)
TOP path to Pin Soldermask Pad/req:0.254 mm; actual:0.0865 mm at (-20.66325 44.092)
TOP path to Pin Soldermask Pad/req:0.254 mm; actual:0.0865 mm at (-20.66325 43.192)
TOP path to Pin Soldermask Pad/req:0.254 mm; actual:0.2174 mm at (-18.78615 51.1839)
TOP path to Pin Soldermask Pad/req:0.254 mm; actual:0.2174 mm at (-17.26215 51.1839)
TOP path to Pin Soldermask Pad/req:0.254 mm; actual:0.2174 mm at (-20.69115 51.1839)
TOP path to Pin Soldermask Pad/req:0.254 mm; actual:0.0865 mm at (-11.31 5.40675)
TOP path to Pin Soldermask Pad/req:0.254 mm; actual:0.0865 mm at (-12.21 5.40675)
TOP path to Pin Soldermask Pad/req:0.254 mm; actual:0.0865 mm at (-14.41675 1.65)
TOP path to Pin Soldermask Pad/req:0.254 mm; actual:0.0865 mm at (-14.41675 3.45)
TOP path to Pin Soldermask Pad/req:0.254 mm; actual:0.0865 mm at (-13.04325 34.821)
TOP path to Pin Soldermask Pad/req:0.254 mm; actual:0.0865 mm at (-13.04325 33.921)
TOP path to Pin Soldermask Pad/req:0.254 mm; actual:0.1165 mm at (-15.209 49.02475)
TOP path to Pin Soldermask Pad/req:0.254 mm; actual:0.1165 mm at (-15.209 47.24125)
TOP path to Pin Soldermask Pad/req:0.254 mm; actual:0.1165 mm at (-14.509 49.02475)
TOP path to Pin Soldermask Pad/req:0.254 mm; actual:0.1165 mm at (-14.509 47.24125)
TOP path to Pin Soldermask Pad/req:0.254 mm; actual:0.1146 mm at (-13.8913 48.133)
TOP path to Pin Soldermask Pad/req:0.254 mm; actual:0.1365 mm at (-13.69075 47.158)
TOP path to Pin Soldermask Pad/req:0.254 mm; actual:0.2115 mm at (-13.559 47.50225)
TOP path to Pin Soldermask Pad/req:0.254 mm; actual:0.1165 mm at (-14.509 47.24125)
TOP path to Pin Soldermask Pad/req:0.254 mm; actual:0.1165 mm at (-15.209 47.24125)
TOP path to Pin Soldermask Pad/req:0.254 mm; actual:0.2115 mm at (-13.559 48.76375)
TOP path to Pin Soldermask Pad/req:0.254 mm; actual:0.1365 mm at (-13.69075 49.083)
TOP path to Pin Soldermask Pad/req:0.254 mm; actual:0.1165 mm at (-14.509 49.02475)
TOP path to Pin Soldermask Pad/req:0.254 mm; actual:0.1165 mm at (-15.209 49.02475)
TOP path to Pin Soldermask Pad/req:0.254 mm; actual:0.1165 mm at (-15.209 53.33725)
TOP path to Pin Soldermask Pad/req:0.254 mm; actual:0.1165 mm at (-15.209 55.12075)
TOP path to Pin Soldermask Pad/req:0.254 mm; actual:0.1146 mm at (-13.8913 54.229)
TOP path to Pin Soldermask Pad/req:0.254 mm; actual:0.1165 mm at (-14.509 53.33725)
TOP path to Pin Soldermask Pad/req:0.254 mm; actual:0.1165 mm at (-14.509 55.12075)
TOP path to Pin Soldermask Pad/req:0.254 mm; actual:0.2115 mm at (-13.559 54.85975)
TOP path to Pin Soldermask Pad/req:0.254 mm; actual:0.1365 mm at (-13.69075 55.179)
TOP path to Pin Soldermask Pad/req:0.254 mm; actual:0.2115 mm at (-13.559 53.59825)
TOP path to Pin Soldermask Pad/req:0.254 mm; actual:0.1365 mm at (-13.69075 53.254)
TOP path to Pin Soldermask Pad/req:0.254 mm; actual:0.1165 mm at (-14.509 53.33725)
TOP path to Pin Soldermask Pad/req:0.254 mm; actual:0.1165 mm at (-15.209 53.33725)
TOP path to Pin Soldermask Pad/req:0.254 mm; actual:0.1165 mm at (-14.509 55.12075)
TOP path to Pin Soldermask Pad/req:0.254 mm; actual:0.1165 mm at (-15.209 55.12075)
TOP path to Pin Soldermask Pad/req:0.254 mm; actual:0.0865 mm at (-15.45625 61.364)
TOP path to Pin Soldermask Pad/req:0.254 mm; actual:0.0865 mm at (-15.45625 60.464)
TOP path to Pin Soldermask Pad/req:0.254 mm; actual:0.0865 mm at (-14.31325 61.364)
TOP path to Pin Soldermask Pad/req:0.254 mm; actual:0.0865 mm at (-14.31325 60.464)
TOP path to Pin Soldermask Pad/req:0.254 mm; actual:0.0865 mm at (-7.81675 3.1)
TOP path to Pin Soldermask Pad/req:0.254 mm; actual:0.0865 mm at (-7.81675 2.2)
TOP path to Pin Soldermask Pad/req:0.254 mm; actual:0.0865 mm at (-7.02275 9.929)
TOP path to Pin Soldermask Pad/req:0.254 mm; actual:0.0865 mm at (-7.02275 9.029)
TOP path to Pin Soldermask Pad/req:0.254 mm; actual:0.0865 mm at (-8.16575 9.029)
TOP path to Pin Soldermask Pad/req:0.254 mm; actual:0.0865 mm at (-8.16575 9.929)
TOP path to Pin Soldermask Pad/req:0.254 mm; actual:0.0865 mm at (-7.70925 15.136)
TOP path to Pin Soldermask Pad/req:0.254 mm; actual:0.0865 mm at (-7.70925 14.236)
TOP path to Pin Soldermask Pad/req:0.254 mm; actual:0.0865 mm at (-9.43575 15.263)
TOP path to Pin Soldermask Pad/req:0.254 mm; actual:0.0865 mm at (-9.43575 14.363)
TOP path to Pin Soldermask Pad/req:0.254 mm; actual:0.0865 mm at (-10.57875 15.263)
TOP path to Pin Soldermask Pad/req:0.254 mm; actual:0.0865 mm at (-10.57875 14.363)
TOP path to Pin Soldermask Pad/req:0.254 mm; actual:0.0865 mm at (-10.24925 18.3)
TOP path to Pin Soldermask Pad/req:0.254 mm; actual:0.0865 mm at (-10.24925 19.2)
TOP path to Pin Soldermask Pad/req:0.254 mm; actual:0.0865 mm at (-7.32825 18.3)
TOP path to Pin Soldermask Pad/req:0.254 mm; actual:0.0865 mm at (-7.32825 19.2)
TOP path to Pin Soldermask Pad/req:0.254 mm; actual:0.0865 mm at (-10.45175 39.89)
TOP path to Pin Soldermask Pad/req:0.254 mm; actual:0.0865 mm at (-10.45175 40.79)
TOP path to Pin Soldermask Pad/req:0.254 mm; actual:0.0865 mm at (-8.29275 47.637)
TOP path to Pin Soldermask Pad/req:0.254 mm; actual:0.0865 mm at (-8.29275 48.537)
TOP path to Pin Soldermask Pad/req:0.254 mm; actual:0.0865 mm at (-9.04 50.38125)
TOP path to Pin Soldermask Pad/req:0.254 mm; actual:0.0865 mm at (-8.14 50.38125)
TOP path to Pin Soldermask Pad/req:0.254 mm; actual:0.0865 mm at (-7.65775 62.38)
TOP path to Pin Soldermask Pad/req:0.254 mm; actual:0.0865 mm at (-7.65775 61.48)
TOP path to Pin Soldermask Pad/req:0.254 mm; actual:0.0865 mm at (-8.34425 59.967)
TOP path to Pin Soldermask Pad/req:0.254 mm; actual:0.0865 mm at (-8.34425 59.067)
BOTTOM text ('SFP1') at (-60.35 53.1) is 2.1831 mm closer to J6 than its own parent symbol
BOTTOM text ('TP5') at (-54.61 10.287) is 0.1512 mm closer to J1 than its own parent symbol
BOTTOM text ('TP6') at (-47.879 10.16) is 0.0872 mm closer to J1 than its own parent symbol
BOTTOM text ('R55') at (-40.894 36.576) is 0.017 mm closer to R54 than its own parent symbol
BOTTOM text ('R32') at (-37.719 -2.286) is 0.4128 mm closer to C26 than its own parent symbol
BOTTOM text ('R32') at (-37.719 -2.286) is 0.4128 mm closer to C23 than its own parent symbol
BOTTOM text ('R32') at (-37.719 -2.286) is 2.159 mm closer to C54 than its own parent symbol
BOTTOM text ('C42') at (-37.592 21.336) is 0.4522 mm closer to R34 than its own parent symbol
BOTTOM text ('R26') at (-32.639 4.318) is 1.1243 mm closer to R13 than its own parent symbol
BOTTOM text ('R26') at (-32.639 4.318) is 0.6804 mm closer to R27 than its own parent symbol
BOTTOM text ('R26') at (-32.639 4.318) is 0.2048 mm closer to R44 than its own parent symbol
BOTTOM text ('C40') at (-33.909 29.464) is 0.2998 mm closer to C43 than its own parent symbol
BOTTOM text ('C51') at (-27.432 0.381) is 0.8169 mm closer to R27 than its own parent symbol
BOTTOM text ('C51') at (-27.432 0.381) is 1.9779 mm closer to C50 than its own parent symbol
BOTTOM text ('C51') at (-27.432 0.381) is 1.2662 mm closer to R33 than its own parent symbol
BOTTOM text ('C51') at (-27.432 0.381) is 0.0039 mm closer to R44 than its own parent symbol
BOTTOM text ('C50') at (-26.797 1.524) is 0.3996 mm closer to R27 than its own parent symbol
BOTTOM text ('C10') at (-25.273 4.318) is 1.0457 mm closer to C47 than its own parent symbol
BOTTOM text ('C10') at (-25.273 4.318) is 0.19 mm closer to R27 than its own parent symbol
BOTTOM text ('J4') at (-24.13 37.338) is 1.8859 mm closer to SFP1 than its own parent symbol
BOTTOM text ('J4') at (-24.13 37.338) is 1.8859 mm closer to SFP1 than its own parent symbol
BOTTOM text ('IC11') to Pin Soldermask Pad/req:0.254 mm; actual:0.2155 mm at (-21.1934 42.51175)
BOTTOM text ('C53') at (-13.716 48.768) is 0.4355 mm closer to R31 than its own parent symbol
BOTTOM text ('C53') at (-13.716 48.768) is 1.2184 mm closer to R38 than its own parent symbol
BOTTOM text ('C52') at (-13.462 54.737) is 0.3572 mm closer to R30 than its own parent symbol
BOTTOM text ('C52') at (-13.462 54.737) is 0.9391 mm closer to R36 than its own parent symbol
BOTTOM path to Pin Soldermask Pad/req:0.254 mm; actual:Overlap at (-61.754 38.23885)
BOTTOM path to Pin Soldermask Pad/req:0.254 mm; actual:0.0265 mm at (-56.78085 52.7201)
BOTTOM path to Pin Soldermask Pad/req:0.254 mm; actual:0.2489 mm at (-58.97365 11.89445)
BOTTOM path to Pin Soldermask Pad/req:0.254 mm; actual:0.2365 mm at (-58.97825 12.06)
BOTTOM path to Pin Soldermask Pad/req:0.254 mm; actual:0.1015 mm at (-61.52 12.17425)
BOTTOM path to Pin Soldermask Pad/req:0.254 mm; actual:0.2025 mm at (-62.74205 15.06925)
BOTTOM path to Pin Soldermask Pad/req:0.254 mm; actual:0.1404 mm at (-62.6689 23.9035)
BOTTOM path to Pin Soldermask Pad/req:0.254 mm; actual:0.2464 mm at (-58.97455 27.08825)
BOTTOM path to Pin Soldermask Pad/req:0.254 mm; actual:0.2365 mm at (-58.97825 26.94)
BOTTOM path to Pin Soldermask Pad/req:0.254 mm; actual:0.1015 mm at (-61.52 26.82575)
BOTTOM path to Pin Soldermask Pad/req:0.254 mm; actual:Overlap at (-62.1802 57.7)
BOTTOM path to Pin Soldermask Pad/req:0.254 mm; actual:0.0865 mm at (-57.416 9.23325)
BOTTOM path to Pin Soldermask Pad/req:0.254 mm; actual:0.0865 mm at (-58.316 9.23325)
BOTTOM path to Pin Soldermask Pad/req:0.254 mm; actual:0.0865 mm at (-57.416 30.06125)
BOTTOM path to Pin Soldermask Pad/req:0.254 mm; actual:0.0865 mm at (-58.316 30.06125)
BOTTOM path to Pin Soldermask Pad/req:0.254 mm; actual:0.0186 mm at (-51.7768 38.2414)
BOTTOM path to Pin Soldermask Pad/req:0.254 mm; actual:Overlap at (-60.04805 38.23865)
BOTTOM path to Pin Soldermask Pad/req:0.254 mm; actual:0.0537 mm at (-61.529 46.28975)
BOTTOM path to Pin Soldermask Pad/req:0.254 mm; actual:0.0603 mm at (-60.2901 46.2672)
BOTTOM path to Pin Soldermask Pad/req:0.254 mm; actual:0.0414 mm at (-54.58965 15.01365)
BOTTOM path to Pin Soldermask Pad/req:0.254 mm; actual:0.2365 mm at (-56.44175 12.06)
BOTTOM path to Pin Soldermask Pad/req:0.254 mm; actual:0.2489 mm at (-56.44635 11.89445)
BOTTOM path to Pin Soldermask Pad/req:0.254 mm; actual:0.2464 mm at (-56.44545 27.08825)
BOTTOM path to Pin Soldermask Pad/req:0.254 mm; actual:0.2365 mm at (-56.44175 26.94)
BOTTOM path to Pin Soldermask Pad/req:0.254 mm; actual:0.0186 mm at (-46.7768 52.7206)
BOTTOM path to Pin Soldermask Pad/req:0.254 mm; actual:Overlap at (-55.0343 52.7218)
BOTTOM path to Pin Soldermask Pad/req:0.254 mm; actual:0.0865 mm at (-52.139 7.14975)
BOTTOM path to Pin Soldermask Pad/req:0.254 mm; actual:0.0865 mm at (-51.239 7.14975)
BOTTOM path to Pin Soldermask Pad/req:0.254 mm; actual:0.0865 mm at (-49.89225 32.05)
BOTTOM path to Pin Soldermask Pad/req:0.254 mm; actual:0.0865 mm at (-49.89225 30.25)
BOTTOM path to Pin Soldermask Pad/req:0.254 mm; actual:0.0196 mm at (-41.7773 38.2415)
BOTTOM path to Pin Soldermask Pad/req:0.254 mm; actual:Overlap at (-50.0506 38.2383)
BOTTOM path to Pin Soldermask Pad/req:0.254 mm; actual:Overlap at (-50.68745 39.1871)
BOTTOM path to Pin Soldermask Pad/req:0.254 mm; actual:0.0057 mm at (-50.02975 38.4713)
BOTTOM path to Pin Soldermask Pad/req:0.254 mm; actual:0.0865 mm at (-47.20625 8.659)
BOTTOM path to Pin Soldermask Pad/req:0.254 mm; actual:0.0865 mm at (-47.20625 7.759)
BOTTOM path to Pin Soldermask Pad/req:0.254 mm; actual:0.0865 mm at (-44.92025 7.759)
BOTTOM path to Pin Soldermask Pad/req:0.254 mm; actual:0.0865 mm at (-44.92025 8.659)
BOTTOM path to Pin Soldermask Pad/req:0.254 mm; actual:0.0865 mm at (-45.27 6.38775)
BOTTOM path to Pin Soldermask Pad/req:0.254 mm; actual:0.0865 mm at (-46.17 6.38775)
BOTTOM path to Pin Soldermask Pad/req:0.254 mm; actual:0.1035 mm at (-38.9447 52.71525)
BOTTOM path to Pin Soldermask Pad/req:0.254 mm; actual:Overlap at (-45.03535 52.72195)
BOTTOM path to Pin Soldermask Pad/req:0.254 mm; actual:0.1365 mm at (-40.44625 23.033)
BOTTOM path to Pin Soldermask Pad/req:0.254 mm; actual:0.1365 mm at (-40.44625 21.533)
BOTTOM path to Pin Soldermask Pad/req:0.254 mm; actual:0.1365 mm at (-39.71575 33.972)
BOTTOM path to Pin Soldermask Pad/req:0.254 mm; actual:0.1365 mm at (-39.71575 32.472)
BOTTOM path to Pin Soldermask Pad/req:0.254 mm; actual:0.1365 mm at (-41.46875 33.955)
BOTTOM path to Pin Soldermask Pad/req:0.254 mm; actual:0.1365 mm at (-41.46875 32.455)
BOTTOM path to Pin Soldermask Pad/req:0.254 mm; actual:0.0529 mm at (-38.91885 38.2442)
BOTTOM path to Pin Soldermask Pad/req:0.254 mm; actual:0.0037 mm at (-40.03075 38.2406)
BOTTOM path to Pin Soldermask Pad/req:0.254 mm; actual:Overlap at (-40.05365 38.47405)
BOTTOM path to Pin Soldermask Pad/req:0.254 mm; actual:Overlap at (-40.9 39.19975)
BOTTOM path to Pin Soldermask Pad/req:0.254 mm; actual:0.1365 mm at (-40.964 59.75025)
BOTTOM path to Pin Soldermask Pad/req:0.254 mm; actual:0.1365 mm at (-42.464 59.75025)
BOTTOM path to Pin Soldermask Pad/req:0.254 mm; actual:0.0865 mm at (-35.71 -1.30775)
BOTTOM path to Pin Soldermask Pad/req:0.254 mm; actual:0.0865 mm at (-34.81 -1.30775)
BOTTOM path to Pin Soldermask Pad/req:0.254 mm; actual:0.0865 mm at (-37.50275 2.436)
BOTTOM path to Pin Soldermask Pad/req:0.254 mm; actual:0.0865 mm at (-37.50275 1.536)
BOTTOM path to Pin Soldermask Pad/req:0.254 mm; actual:0.0865 mm at (-38.77275 2.436)
BOTTOM path to Pin Soldermask Pad/req:0.254 mm; actual:0.0865 mm at (-38.77275 1.536)
BOTTOM path to Pin Soldermask Pad/req:0.254 mm; actual:0.0865 mm at (-38.631 6.94725)
BOTTOM path to Pin Soldermask Pad/req:0.254 mm; actual:0.0865 mm at (-37.731 6.94725)
BOTTOM path to Pin Soldermask Pad/req:0.254 mm; actual:0.0865 mm at (-35.47075 18.681)
BOTTOM path to Pin Soldermask Pad/req:0.254 mm; actual:0.0865 mm at (-35.47075 19.581)
BOTTOM path to Pin Soldermask Pad/req:0.254 mm; actual:0.1365 mm at (-35.86375 21.415)
BOTTOM path to Pin Soldermask Pad/req:0.254 mm; actual:0.1365 mm at (-35.86375 22.915)
BOTTOM path to Pin Soldermask Pad/req:0.254 mm; actual:0.0865 mm at (-37.48875 23.265)
BOTTOM path to Pin Soldermask Pad/req:0.254 mm; actual:0.0865 mm at (-37.48875 22.365)
BOTTOM path to Pin Soldermask Pad/req:0.254 mm; actual:0.1365 mm at (-34.61575 33.972)
BOTTOM path to Pin Soldermask Pad/req:0.254 mm; actual:0.1365 mm at (-34.61575 32.472)
BOTTOM path to Pin Soldermask Pad/req:0.254 mm; actual:0.1365 mm at (-36.31575 33.972)
BOTTOM path to Pin Soldermask Pad/req:0.254 mm; actual:0.1365 mm at (-36.31575 32.472)
BOTTOM path to Pin Soldermask Pad/req:0.254 mm; actual:0.1365 mm at (-38.01575 33.972)
BOTTOM path to Pin Soldermask Pad/req:0.254 mm; actual:0.1365 mm at (-38.01575 32.472)
BOTTOM path to Pin Soldermask Pad/req:0.254 mm; actual:0.0767 mm at (-34.23105 38.24545)
BOTTOM path to Pin Soldermask Pad/req:0.254 mm; actual:0.0906 mm at (-37.2619 38.24615)
BOTTOM path to Pin Soldermask Pad/req:0.254 mm; actual:0.056 mm at (-32.393 56.3335)
BOTTOM path to Pin Soldermask Pad/req:0.254 mm; actual:0.056 mm at (-36.793 56.3335)
BOTTOM path to Pin Soldermask Pad/req:0.254 mm; actual:0.0215 mm at (-36.77835 52.7204)
BOTTOM path to Pin Soldermask Pad/req:0.254 mm; actual:0.0311 mm at (-37.2923 52.71905)
BOTTOM path to Pin Soldermask Pad/req:0.254 mm; actual:0.056 mm at (-32.393 60.6705)
BOTTOM path to Pin Soldermask Pad/req:0.254 mm; actual:0.056 mm at (-36.793 60.6705)
BOTTOM path to Pin Soldermask Pad/req:0.254 mm; actual:0.0865 mm at (-31.40675 1.547)
BOTTOM path to Pin Soldermask Pad/req:0.254 mm; actual:0.0865 mm at (-31.40675 0.647)
BOTTOM path to Pin Soldermask Pad/req:0.254 mm; actual:0.0865 mm at (-30.13675 -0.612)
BOTTOM path to Pin Soldermask Pad/req:0.254 mm; actual:0.0865 mm at (-30.13675 -1.512)
BOTTOM path to Pin Soldermask Pad/req:0.254 mm; actual:0.0865 mm at (-31.40675 -1.512)
BOTTOM path to Pin Soldermask Pad/req:0.254 mm; actual:0.0865 mm at (-31.40675 -0.612)
BOTTOM path to Pin Soldermask Pad/req:0.254 mm; actual:0.0865 mm at (-33.551 -1.30775)
BOTTOM path to Pin Soldermask Pad/req:0.254 mm; actual:0.0865 mm at (-32.651 -1.30775)
BOTTOM path to Pin Soldermask Pad/req:0.254 mm; actual:0.0865 mm at (-29.349 2.24825)
BOTTOM path to Pin Soldermask Pad/req:0.254 mm; actual:0.0865 mm at (-30.249 2.24825)
BOTTOM path to Pin Soldermask Pad/req:0.254 mm; actual:0.1365 mm at (-28.518 4.12425)
BOTTOM path to Pin Soldermask Pad/req:0.254 mm; actual:0.1365 mm at (-30.018 4.12425)
BOTTOM path to Pin Soldermask Pad/req:0.254 mm; actual:0.0865 mm at (-31.71225 6.754)
BOTTOM path to Pin Soldermask Pad/req:0.254 mm; actual:0.0865 mm at (-31.71225 5.854)
BOTTOM path to Pin Soldermask Pad/req:0.254 mm; actual:0.0865 mm at (-33.69275 19.581)
BOTTOM path to Pin Soldermask Pad/req:0.254 mm; actual:0.0865 mm at (-33.69275 18.681)
BOTTOM path to Pin Soldermask Pad/req:0.254 mm; actual:0.0865 mm at (-32.29575 19.581)
BOTTOM path to Pin Soldermask Pad/req:0.254 mm; actual:0.0865 mm at (-32.29575 18.681)
BOTTOM path to Pin Soldermask Pad/req:0.254 mm; actual:0.0865 mm at (-32.408 29.17225)
BOTTOM path to Pin Soldermask Pad/req:0.254 mm; actual:0.0865 mm at (-31.508 29.17225)
BOTTOM path to Pin Soldermask Pad/req:0.254 mm; actual:0.1365 mm at (-33.13375 26.666)
BOTTOM path to Pin Soldermask Pad/req:0.254 mm; actual:0.1365 mm at (-33.13375 25.166)
BOTTOM path to Pin Soldermask Pad/req:0.254 mm; actual:0.1365 mm at (-31.23375 26.666)
BOTTOM path to Pin Soldermask Pad/req:0.254 mm; actual:0.1365 mm at (-31.23375 25.166)
BOTTOM path to Pin Soldermask Pad/req:0.254 mm; actual:0.0865 mm at (-33.99825 32.281)
BOTTOM path to Pin Soldermask Pad/req:0.254 mm; actual:0.0865 mm at (-33.99825 31.381)
BOTTOM path to Pin Soldermask Pad/req:0.254 mm; actual:0.0865 mm at (-32.281 30.56925)
BOTTOM path to Pin Soldermask Pad/req:0.254 mm; actual:0.0865 mm at (-31.381 30.56925)
BOTTOM path to Pin Soldermask Pad/req:0.254 mm; actual:0.0652 mm at (-31.68685 38.24535)
BOTTOM path to Pin Soldermask Pad/req:0.254 mm; actual:0.0678 mm at (-32.5735 38.245)
BOTTOM path to Pin Soldermask Pad/req:0.254 mm; actual:0.1555 mm at (-29.9 40.12225)
BOTTOM path to Pin Soldermask Pad/req:0.254 mm; actual:0.0505 mm at (-30.9 39.14325)
BOTTOM path to Pin Soldermask Pad/req:0.254 mm; actual:0.0124 mm at (-32.7336 38.8098)
BOTTOM path to Pin Soldermask Pad/req:0.254 mm; actual:0.0622 mm at (-31.6853 38.46675)
BOTTOM path to Pin Soldermask Pad/req:0.254 mm; actual:0.0678 mm at (-32.5735 38.467)
BOTTOM path to Pin Soldermask Pad/req:0.254 mm; actual:0.1 mm at (-29.9 40.15)
BOTTOM path to Pin Soldermask Pad/req:0.254 mm; actual:0.1675 mm at (-33.7 49.63375)
BOTTOM path to Pin Soldermask Pad/req:0.254 mm; actual:0.1175 mm at (-29.9 50.85875)
BOTTOM path to Pin Soldermask Pad/req:0.254 mm; actual:Overlap at (-33.9 49.525)
BOTTOM path to Pin Soldermask Pad/req:0.254 mm; actual:0.0678 mm at (-34.2265 52.717)
BOTTOM path to Pin Soldermask Pad/req:0.254 mm; actual:Overlap at (-35.0521 52.7239)
BOTTOM path to Pin Soldermask Pad/req:0.254 mm; actual:0.0787 mm at (-29.23205 52.71645)
BOTTOM path to Pin Soldermask Pad/req:0.254 mm; actual:0.0767 mm at (-32.56895 52.71655)
BOTTOM path to Pin Soldermask Pad/req:0.254 mm; actual:0.0865 mm at (-28.48575 5.854)
BOTTOM path to Pin Soldermask Pad/req:0.254 mm; actual:0.0865 mm at (-28.48575 6.754)
BOTTOM path to Pin Soldermask Pad/req:0.254 mm; actual:0.0865 mm at (-27.21575 5.854)
BOTTOM path to Pin Soldermask Pad/req:0.254 mm; actual:0.0865 mm at (-27.21575 6.754)
BOTTOM path to Pin Soldermask Pad/req:0.254 mm; actual:0.0865 mm at (-30.44225 6.754)
BOTTOM path to Pin Soldermask Pad/req:0.254 mm; actual:0.0865 mm at (-30.44225 5.854)
BOTTOM path to Pin Soldermask Pad/req:0.254 mm; actual:0.0865 mm at (-26.612 18.07175)
BOTTOM path to Pin Soldermask Pad/req:0.254 mm; actual:0.0865 mm at (-25.712 18.07175)
BOTTOM path to Pin Soldermask Pad/req:0.254 mm; actual:0.085 mm at (-30.103 38.2464)
BOTTOM path to Pin Soldermask Pad/req:0.254 mm; actual:0.0876 mm at (-29.2366 38.246)
BOTTOM path to Pin Soldermask Pad/req:0.254 mm; actual:0.1303 mm at (-23.69205 39.82265)
BOTTOM path to Pin Soldermask Pad/req:0.254 mm; actual:0.1055 mm at (-27.5543 38.24685)
BOTTOM path to Pin Soldermask Pad/req:0.254 mm; actual:0.1177 mm at (-24.2482 39.9484)
BOTTOM path to Pin Soldermask Pad/req:0.254 mm; actual:0.1365 mm at (-28.182 56.32775)
BOTTOM path to Pin Soldermask Pad/req:0.254 mm; actual:0.1365 mm at (-26.682 56.32775)
BOTTOM path to Pin Soldermask Pad/req:0.254 mm; actual:Overlap at (-26.76415 52.722)
BOTTOM path to Pin Soldermask Pad/req:0.254 mm; actual:0.0559 mm at (-27.5796 52.71765)
BOTTOM path to Pin Soldermask Pad/req:0.254 mm; actual:0.1365 mm at (-28.182 61.02675)
BOTTOM path to Pin Soldermask Pad/req:0.254 mm; actual:0.1365 mm at (-26.682 61.02675)
BOTTOM path to Pin Soldermask Pad/req:0.254 mm; actual:0.0865 mm at (-20.69675 11.651)
BOTTOM path to Pin Soldermask Pad/req:0.254 mm; actual:0.0865 mm at (-20.69675 12.551)
BOTTOM path to Pin Soldermask Pad/req:0.254 mm; actual:0.0865 mm at (-24.85425 20.216)
BOTTOM path to Pin Soldermask Pad/req:0.254 mm; actual:0.0865 mm at (-24.85425 19.316)
BOTTOM path to Pin Soldermask Pad/req:0.254 mm; actual:0.0865 mm at (-24.16775 22.248)
BOTTOM path to Pin Soldermask Pad/req:0.254 mm; actual:0.0865 mm at (-24.16775 21.348)
BOTTOM path to Pin Soldermask Pad/req:0.254 mm; actual:0.0718 mm at (-23.68915 44.6525)
BOTTOM path to Pin Soldermask Pad/req:0.254 mm; actual:0.1342 mm at (-23.69225 41.5414)
BOTTOM path to Pin Soldermask Pad/req:0.254 mm; actual:0.1104 mm at (-23.9089 39.83275)
BOTTOM path to Pin Soldermask Pad/req:0.254 mm; actual:0.0865 mm at (-21.55225 45.859)
BOTTOM path to Pin Soldermask Pad/req:0.254 mm; actual:0.0865 mm at (-21.55225 46.759)
BOTTOM path to Pin Soldermask Pad/req:0.254 mm; actual:Overlap at (-21.089 44.634)
BOTTOM path to Pin Soldermask Pad/req:0.254 mm; actual:Overlap at (-21.193 43.274)
BOTTOM path to Pin Soldermask Pad/req:0.254 mm; actual:0.1055 mm at (-23.69085 49.4353)
BOTTOM path to Pin Soldermask Pad/req:0.254 mm; actual:0.1124 mm at (-23.69125 46.33025)
BOTTOM path to Pin Soldermask Pad/req:0.254 mm; actual:0.0096 mm at (-25.02775 52.49095)
BOTTOM path to Pin Soldermask Pad/req:0.254 mm; actual:0.0886 mm at (-23.90995 51.1181)
BOTTOM path to Pin Soldermask Pad/req:0.254 mm; actual:0.0404 mm at (-25.012 52.7194)
BOTTOM path to Pin Soldermask Pad/req:0.254 mm; actual:0.0886 mm at (-23.69005 51.1181)
BOTTOM path to Pin Soldermask Pad/req:0.254 mm; actual:0.0286 mm at (-25.2269 52.02485)
BOTTOM path to Pin Soldermask Pad/req:0.254 mm; actual:0.1562 mm at (-24.265 51.02585)
BOTTOM path to Pin Soldermask Pad/req:0.254 mm; actual:0.0865 mm at (-18.854 -0.34325)
BOTTOM path to Pin Soldermask Pad/req:0.254 mm; actual:0.0865 mm at (-19.754 -0.34325)
BOTTOM path to Pin Soldermask Pad/req:0.254 mm; actual:0.0865 mm at (-16.025 15.07525)
BOTTOM path to Pin Soldermask Pad/req:0.254 mm; actual:0.0865 mm at (-15.125 15.07525)
BOTTOM path to Pin Soldermask Pad/req:0.254 mm; actual:0.0865 mm at (-20.18325 11.651)
BOTTOM path to Pin Soldermask Pad/req:0.254 mm; actual:0.0865 mm at (-20.18325 12.551)
BOTTOM path to Pin Soldermask Pad/req:0.254 mm; actual:0.0865 mm at (-18.98325 11.651)
BOTTOM path to Pin Soldermask Pad/req:0.254 mm; actual:0.0865 mm at (-18.98325 12.551)
BOTTOM path to Pin Soldermask Pad/req:0.254 mm; actual:0.0865 mm at (-15.125 18.75825)
BOTTOM path to Pin Soldermask Pad/req:0.254 mm; actual:0.0865 mm at (-16.025 18.75825)
BOTTOM path to Pin Soldermask Pad/req:0.254 mm; actual:0.1 mm at (-16.325 16.922)
BOTTOM path to Pin Soldermask Pad/req:0.254 mm; actual:0.1 mm at (-15.425 16.922)
BOTTOM path to Pin Soldermask Pad/req:0.254 mm; actual:0.1 mm at (-15.425 15.652)
BOTTOM path to Pin Soldermask Pad/req:0.254 mm; actual:0.1 mm at (-16.325 15.652)
BOTTOM path to Pin Soldermask Pad/req:0.254 mm; actual:0.0865 mm at (-19.108 32.04175)
BOTTOM path to Pin Soldermask Pad/req:0.254 mm; actual:0.0865 mm at (-20.008 32.04175)
BOTTOM path to Pin Soldermask Pad/req:0.254 mm; actual:0.0865 mm at (-19.1 33.39075)
BOTTOM path to Pin Soldermask Pad/req:0.254 mm; actual:0.0865 mm at (-20.0 33.39075)
BOTTOM path to Pin Soldermask Pad/req:0.254 mm; actual:0.0865 mm at (-20.008 35.08975)
BOTTOM path to Pin Soldermask Pad/req:0.254 mm; actual:0.0865 mm at (-19.108 35.08975)
BOTTOM path to Pin Soldermask Pad/req:0.254 mm; actual:0.0865 mm at (-18.12325 45.859)
BOTTOM path to Pin Soldermask Pad/req:0.254 mm; actual:0.0865 mm at (-18.12325 46.759)
BOTTOM path to Pin Soldermask Pad/req:0.254 mm; actual:0.0865 mm at (-19.64725 45.859)
BOTTOM path to Pin Soldermask Pad/req:0.254 mm; actual:0.0865 mm at (-19.64725 46.759)
BOTTOM path to Pin Soldermask Pad/req:0.254 mm; actual:Overlap at (-19.385 44.634)
BOTTOM path to Pin Soldermask Pad/req:0.254 mm; actual:Overlap at (-19.499 43.274)
BOTTOM path to Pin Soldermask Pad/req:0.254 mm; actual:0.056 mm at (-11.122 39.6965)
BOTTOM path to Pin Soldermask Pad/req:0.254 mm; actual:0.056 mm at (-15.522 39.6965)
BOTTOM path to Pin Soldermask Pad/req:0.254 mm; actual:0.006 mm at (-11.122 44.6585)
BOTTOM path to Pin Soldermask Pad/req:0.254 mm; actual:0.006 mm at (-15.522 44.6585)
BOTTOM path to Pin Soldermask Pad/req:0.254 mm; actual:0.0865 mm at (-12.15425 49.542)
BOTTOM path to Pin Soldermask Pad/req:0.254 mm; actual:0.0865 mm at (-12.15425 50.442)
BOTTOM path to Pin Soldermask Pad/req:0.254 mm; actual:0.0865 mm at (-12.10275 57.427)
BOTTOM path to Pin Soldermask Pad/req:0.254 mm; actual:0.0865 mm at (-12.10275 56.527)
BOTTOM path to Pin Soldermask Pad/req:0.254 mm; actual:Overlap at (-9.953 62.5475)
BOTTOM path to Pin Soldermask Pad/req:0.254 mm; actual:Overlap at (-9.953 60.0075)
BOTTOM path to Pin Soldermask Pad/req:0.254 mm; actual:Overlap at (-9.953 58.7375)
BOTTOM path to Pin Soldermask Pad/req:0.254 mm; actual:Overlap at (-9.953 61.2775)
BOTTOM path to Pin Soldermask Pad/req:0.254 mm; actual:Overlap at (-13.512 62.5475)
BOTTOM path to Pin Soldermask Pad/req:0.254 mm; actual:Overlap at (-13.512 61.2775)
BOTTOM path to Pin Soldermask Pad/req:0.254 mm; actual:Overlap at (-13.512 60.0075)
BOTTOM path to Pin Soldermask Pad/req:0.254 mm; actual:Overlap at (-13.512 58.7375)
BOTTOM path to Pin Soldermask Pad/req:0.254 mm; actual:Overlap at (-9.886 33.551)
BOTTOM path to Pin Soldermask Pad/req:0.254 mm; actual:Overlap at (-9.886 32.651)
BOTTOM path to Pin Soldermask Pad/req:0.254 mm; actual:0.0865 mm at (-10.50325 33.551)
BOTTOM path to Pin Soldermask Pad/req:0.254 mm; actual:0.0865 mm at (-10.50325 32.651)
BOTTOM path to Pin Soldermask Pad/req:0.254 mm; actual:0.0865 mm at (-9.84215 35.8878)
BOTTOM path to Pin Soldermask Pad/req:0.254 mm; actual:0.0865 mm at (-9.84215 34.9878)
BOTTOM path to Pin Soldermask Pad/req:0.254 mm; actual:Overlap at (-9.886 35.8878)
BOTTOM path to Pin Soldermask Pad/req:0.254 mm; actual:Overlap at (-9.886 34.9878)
BOTTOM path to Pin Soldermask Pad/req:0.254 mm; actual:0.1365 mm at (-10.09975 47.671)
BOTTOM path to Pin Soldermask Pad/req:0.254 mm; actual:0.1365 mm at (-10.09975 46.171)
BOTTOM path to Pin Soldermask Pad/req:0.254 mm; actual:0.1365 mm at (-10.48075 53.767)
BOTTOM path to Pin Soldermask Pad/req:0.254 mm; actual:0.1365 mm at (-10.48075 52.267)
BOTTOM path to Pin Soldermask Pad/req:0.254 mm; actual:0.0865 mm at (-10.88425 49.542)
BOTTOM path to Pin Soldermask Pad/req:0.254 mm; actual:0.0865 mm at (-10.88425 50.442)
BOTTOM path to Pin Soldermask Pad/req:0.254 mm; actual:0.0865 mm at (-10.83275 57.427)
BOTTOM path to Pin Soldermask Pad/req:0.254 mm; actual:0.0865 mm at (-10.83275 56.527)
BOTTOM path to Pin Soldermask Pad/req:0.254 mm; actual:0.0865 mm at (-9.848 57.44175)
BOTTOM path to Pin Soldermask Pad/req:0.254 mm; actual:0.0865 mm at (-8.948 57.44175)
BOTTOM path to Pin Soldermask Pad/req:0.254 mm; actual:Overlap at (9.335 58.835)
BOTTOM path to Pin Soldermask Pad/req:0.254 mm; actual:0.11 mm at (-1.065 3.79)
BOTTOM path to Pin Soldermask Pad/req:0.254 mm; actual:Overlap at (8.385 57.7652)
BOTTOM path to Pin Soldermask Pad/req:0.254 mm; actual:Overlap at (2.035 58.735)
BOTTOM path to Pin Soldermask Pad/req:0.254 mm; actual:Overlap at (-1.015 4.335)
BOTTOM path to Pin Soldermask Pad/req:0.254 mm; actual:Overlap at (6.5452 59.435)
BOTTOM path to Pin Soldermask Pad/req:0.254 mm; actual:Overlap at (9.335 58.835)
BOTTOM path to Pin Soldermask Pad/req:0.254 mm; actual:Overlap at (-61.5303 1.6499)
BOTTOM path to Pin Soldermask Pad/req:0.254 mm; actual:Overlap at (-62.6699 6.1499)
BOTTOM path to Pin Soldermask Pad/req:0.254 mm; actual:Overlap at (-61.6803 58.1999)
BOTTOM path to Pin Soldermask Pad/req:0.254 mm; actual:Overlap at (-62.8199 62.6999)
