A!NET_NAME_SORT!NET_NAME!NET_PHYSICAL_TYPE!NET_SPACING_TYPE!ELECTRICAL_CONSTRAINT_SET!NET_DIFFERENTIAL_PAIR!NET_STUB_LENGTH!NET_MAX_VIA_COUNT!NET_MIN_LINE_WIDTH!NET_MAX_PARALLEL!NO_TEST!
J!Z:/cad/designs/uob-hep-pc053a/trunk/design_files/worklib/pc053e_toplevel/physical/pc053e_toplevel_65.brd!Thu Apr 15 17:55:13 2021!-315.1182!-288.1258!426.2018!384.9302!0.0001!millimeters!PC053E_TOPLEVEL!63.622047 mil!6!UP TO DATE!
S!UNNAMED_3_NB7V52M_I317_VTR!UNNAMED_3_NB7V52M_I317_VTR!!!!!!!!!!
S!UNNAMED_3_NB7V52M_I317_R_ 00000001!UNNAMED_3_NB7V52M_I317_R_1!!!!!!!!!!
S!UNNAMED_3_NB7V52M_I317_R!UNNAMED_3_NB7V52M_I317_R!!!!!!!!!!
S!UNNAMED_6_CON19P_I1_A_ 00000005!UNNAMED_6_CON19P_I1_A_5!!!!DP3!!!!!!
S!UNNAMED_6_CON19P_I1_A_ 00000004!UNNAMED_6_CON19P_I1_A_4!!!!DP3!!!!!!
S!UNNAMED_6_CON19P_I1_A_ 00000003!UNNAMED_6_CON19P_I1_A_3!!!!DP4!!!!!!
S!UNNAMED_6_CON19P_I1_A_ 00000002!UNNAMED_6_CON19P_I1_A_2!!!!DP4!!!!!!
S!UNNAMED_6_CON19P_I1_A_ 00000001!UNNAMED_6_CON19P_I1_A_1!!!!DP2!!!!!!
S!UNNAMED_6_CON19P_I1_A!UNNAMED_6_CON19P_I1_A!!!!DP2!!!!!!
S!UNNAMED_6_CAPCERSMDCL2_I7_B!UNNAMED_6_CAPCERSMDCL2_I7_B!!!!!!!!!!
S!UNNAMED_6_CAPCERSMDCL2_I6_B!UNNAMED_6_CAPCERSMDCL2_I6_B!!!!!!!!!!
S!AGND!AGND!!!!!!!!!!
S!UNNAMED_11_RSMD0402_I316_B!UNNAMED_11_RSMD0402_I316_B!!!!!!!!!!
S!UNNAMED_11_CAPCERSMDCL2_I317_A!UNNAMED_11_CAPCERSMDCL2_I317_A!!!!!!!!!!
S!UNNAMED_11_RSMD0402_I313_A!UNNAMED_11_RSMD0402_I313_A!!!!DP1!!!!!!
S!UNNAMED_11_RSMD0402_I312_A!UNNAMED_11_RSMD0402_I312_A!!!!DP1!!!!!!
S!UNNAMED_3_CAPCERSMDCL2_I316_A!UNNAMED_3_CAPCERSMDCL2_I316_A!!!!!!!!!!
S!UNNAMED_3_CAPCERSMDCL2_I315_A!UNNAMED_3_CAPCERSMDCL2_I315_A!!!!!!!!!!
S!UNNAMED_5_PCOAX_I321_A!UNNAMED_5_PCOAX_I321_A!!!!!!!!!!
S!UNNAMED_5_PCOAX_I315_A!UNNAMED_5_PCOAX_I315_A!!!!!!!!!!
S!UNNAMED_5_PCOAX_I312_A!UNNAMED_5_PCOAX_I312_A!!!!!!!!!!
S!UNNAMED_5_ADCMP604_I294_!UNNAMED_5_ADCMP604_I294_!!!!!!!!!!
S!UNNAMED_5_ADCMP604_I285_!UNNAMED_5_ADCMP604_I285_!!!!!!!!!!
S!UNNAMED_5_ADCMP604_I256__ 00000001!UNNAMED_5_ADCMP604_I256__1!!!!!!!!!!
S!UNNAMED_5_ADCMP604_I256_!UNNAMED_5_ADCMP604_I256_!!!!!!!!!!
S!UNNAMED_5_74LCX04_I323_Y!UNNAMED_5_74LCX04_I323_Y!!!!!!!!!!
S!UNNAMED_5_74LCX04_I323_A!UNNAMED_5_74LCX04_I323_A!!!!!!!!!!
S!UNNAMED_5_74LCX04_I317_Y!UNNAMED_5_74LCX04_I317_Y!!!!!!!!!!
S!UNNAMED_5_74LCX04_I317_A!UNNAMED_5_74LCX04_I317_A!!!!!!!!!!
S!UNNAMED_5_74LCX04_I304_Y!UNNAMED_5_74LCX04_I304_Y!!!!!!!!!!
S!UNNAMED_4_RSMD0402_I123_A!UNNAMED_4_RSMD0402_I123_A!!!!!!!!!!
S!UNNAMED_11_RSMD0402_I233_B!UNNAMED_11_RSMD0402_I233_B!!!!!!!!!!
S!UNNAMED_11_RSMD0402_I232_B!UNNAMED_11_RSMD0402_I232_B!!!!!!!!!!
S!T_SFP_P!T_SFP_P!!!!SFP_DO!!!!!!
S!T_SFP_N!T_SFP_N!!!!SFP_DO!!!!!!
S!T_RJ45_D_P!T_RJ45_D_P!!!!PAR_DI!!!!!!
S!T_RJ45_D_N!T_RJ45_D_N!!!!PAR_DI!!!!!!
S!T_RJ45_CLK_P!T_RJ45_CLK_P!!!!PAR_CLKO!!!!!!
S!T_RJ45_CLK_N!T_RJ45_CLK_N!!!!PAR_CLKO!!!!!!
S!T_MCX_CLK!T_MCX_CLK!!!!!!!!!!
S!T_FMC_REC_CLK_P!T_FMC_REC_CLK_P!!!!FMC_REC_CLK!!!!!!
S!T_FMC_REC_CLK_N!T_FMC_REC_CLK_N!!!!FMC_REC_CLK!!!!!!
S!T_FMC_P!T_FMC_P!!!!T_FMC!!!!!!
S!T_FMC_N!T_FMC_N!!!!T_FMC!!!!!!
S!T_FMC_CLK_P!T_FMC_CLK_P!!!!FMC_CLK!!!!!!
S!T_FMC_CLK_N!T_FMC_CLK_N!!!!FMC_CLK!!!!!!
S!T_FFD_D_P!T_FFD_D_P!!!!FFD_DI!!!!!!
S!T_FFD_D_N!T_FFD_D_N!!!!FFD_DI!!!!!!
S!T_FFD_CLK_P!T_FFD_CLK_P!!!!FFD_CLK!!!!!!
S!T_FFD_CLK_N!T_FFD_CLK_N!!!!FFD_CLK!!!!!!
S!T_CDR_P!T_CDR_P!!!!T_CDR!!!!!!
S!T_CDR_N!T_CDR_N!!!!T_CDR!!!!!!
S!S_GPIO_IN 00000001!S_GPIO_IN1!!!!!!!!!!
S!S_GPIO_IN 00000000!S_GPIO_IN0!!!!!!!!!!
S!S_CLK_IN!S_CLK_IN!!!!!!!!!!
S!GPIO_IN1_P!GPIO_IN1_P!!!!GPIO_IN1!!!!!!
S!GPIO_IN1_N!GPIO_IN1_N!!!!GPIO_IN1!!!!!!
S!GPIO_IN0_P!GPIO_IN0_P!!!!GPIO_IN0!!!!!!
S!GPIO_IN0_N!GPIO_IN0_N!!!!GPIO_IN0!!!!!!
S!F_SFP_P!F_SFP_P!!!!SFP_DI!!!!!!
S!F_SFP_N!F_SFP_N!!!!SFP_DI!!!!!!
S!F_RJ45_D_P!F_RJ45_D_P!!!!PAR_DO!!!!!!
S!F_RJ45_D_N!F_RJ45_D_N!!!!PAR_DO!!!!!!
S!F_RJ45_CLK_P!F_RJ45_CLK_P!!!!PAR_CLKI!!!!!!
S!F_RJ45_CLK_N!F_RJ45_CLK_N!!!!PAR_CLKI!!!!!!
S!F_MCX_CLK_P!F_MCX_CLK_P!!!!SERPAR_CLKI!!!!!!
S!F_MCX_CLK_N!F_MCX_CLK_N!!!!SERPAR_CLKI!!!!!!
S!F_GPIO_OUT1_P!F_GPIO_OUT1_P!!!!F_GPIO_OUT1!!!!!!
S!F_GPIO_OUT1_N!F_GPIO_OUT1_N!!!!F_GPIO_OUT1!!!!!!
S!F_GPIO_OUT0_P!F_GPIO_OUT0_P!!!!F_GPIO_OUT0!!!!!!
S!F_GPIO_OUT0_N!F_GPIO_OUT0_N!!!!F_GPIO_OUT0!!!!!!
S!F_FMC_CLK_P!F_FMC_CLK_P!!!!F_FMC_CLK!!!!!!
S!F_FMC_CLK_N!F_FMC_CLK_N!!!!F_FMC_CLK!!!!!!
S!F_CDR_D_P!F_CDR_D_P!!!!F_CDR_D!!!!!!
S!F_CDR_D_N!F_CDR_D_N!!!!F_CDR_D!!!!!!
S!UNNAMED_3_NB7V52M_I317_VTCLK!UNNAMED_3_NB7V52M_I317_VTCLK!!!!!!!!!!
S!UNNAMED_3_NB7V52M_I317_VTD!UNNAMED_3_NB7V52M_I317_VTD!!!!!!!!!!
S!UNNAMED_3_NB7V52M_I317_VTR_ 00000001!UNNAMED_3_NB7V52M_I317_VTR_1!!!!!!!!!!
S!FPGA_CLK_RST!FPGA_CLK_RST!!!!!!!!!!
S!FPGA_CDR_LOS!FPGA_CDR_LOS!!!!!!!!!!
S!FPGA_CDR_LOL!FPGA_CDR_LOL!!!!!!!!!!
S!CLK_RST!CLK_RST!!!!!!!!!!
S!SFP_LOS!SFP_LOS!!!!!!!!!!
S!FPGA_SFP_LOS!FPGA_SFP_LOS!!!!!!!!!!
S!UNNAMED_4_CAPCERSMDCL2_I120_A!UNNAMED_4_CAPCERSMDCL2_I120_A!!!!DP_OSC!!!!!!
S!UNNAMED_4_CAPCERSMDCL2_I119_A!UNNAMED_4_CAPCERSMDCL2_I119_A!!!!DP_OSC!!!!!!
S!CLK_IN2_N!CLK_IN2_N!!!!CLK_IN2!!!!!!
S!CLK_IN2_P!CLK_IN2_P!!!!CLK_IN2!!!!!!
S!CLK_IN1_N!CLK_IN1_N!!!!CLK_IN1!!!!!!
S!CLK_IN1_P!CLK_IN1_P!!!!CLK_IN1!!!!!!
S!CLK_IN0_N!CLK_IN0_N!!!!CLK_IN0!!!!!!
S!CLK_IN0_P!CLK_IN0_P!!!!CLK_IN0!!!!!!
S!SY5860_IN_N!SY5860_IN_N!!!!SY5860_IN!!!!!!
S!SY5860_IN_P!SY5860_IN_P!!!!SY5860_IN!!!!!!
S!UNNAMED_11_ADN2814_I23_DATAOUTP!UNNAMED_11_ADN2814_I23_DATAOUTP!!!!!!!!!!
S!UNNAMED_11_ADN2814_I23_DATAOUTN!UNNAMED_11_ADN2814_I23_DATAOUTN!!!!!!!!!!
S!UNNAMED_2_PCA9306_I276_EN!UNNAMED_2_PCA9306_I276_EN!!!!!!!!!!
S!UNNAMED_11_ADN2814_I23_SADDRS!UNNAMED_11_ADN2814_I23_SADDRS!!!!!!!!!!
S!FMC_LA11_P!FMC_LA11_P!!!!!!!!!!
S!FMC_LA11_N!FMC_LA11_N!!!!!!!!!!
S!CLK_SDA!CLK_SDA!!!!!!!!!!
S!CLK_SCL!CLK_SCL!!!!!!!!!!
S!UNNAMED_4_CAPCERSMDCL2_I90_B!UNNAMED_4_CAPCERSMDCL2_I90_B!!!!!!!!!!
S!UNNAMED_11_LED1_I227_A!UNNAMED_11_LED1_I227_A!!!!!!!!!!
S!UNNAMED_11_LED1_I226_A!UNNAMED_11_LED1_I226_A!!!!!!!!!!
S!UNNAMED_11_LED1_I225_A!UNNAMED_11_LED1_I225_A!!!!!!!!!!
S!UNNAMED_4_SI5394_I110_LOSXAXB!UNNAMED_4_SI5394_I110_LOSXAXB!!!!!!!!!!
S!UNNAMED_4_SI5394_I110_LOL!UNNAMED_4_SI5394_I110_LOL!!!!!!!!!!
S!UNNAMED_4_SI5394_I110_INTR!UNNAMED_4_SI5394_I110_INTR!!!!!!!!!!
S!UNNAMED_4_RSMD0402_I50_A!UNNAMED_4_RSMD0402_I50_A!!!!!!!!!!
S!UNNAMED_4_RSMD0402_I49_A!UNNAMED_4_RSMD0402_I49_A!!!!!!!!!!
S!UNNAMED_4_RSMD0402_I47_A!UNNAMED_4_RSMD0402_I47_A!!!!!!!!!!
S!UNNAMED_4_RSMD0402_I16_A!UNNAMED_4_RSMD0402_I16_A!!!!!!!!!!
S!SFP_TX_FAULT!SFP_TX_FAULT!!!!!!!!!!
S!SFP_TX_DISABLE!SFP_TX_DISABLE!!!!!!!!!!
S!SFP_SDA!SFP_SDA!!!!!!!!!!
S!SFP_SCL!SFP_SCL!!!!!!!!!!
S!REC_CLK_P!REC_CLK_P!!!!REC_CLK!!!!!!
S!REC_CLK_N!REC_CLK_N!!!!REC_CLK!!!!!!
S!OSC_CLK_P!OSC_CLK_P!!!!OSC_CLK!!!!!!
S!OSC_CLK_N!OSC_CLK_N!!!!OSC_CLK!!!!!!
S!IN_SEL 00000001!IN_SEL1!!!!!!!!!!
S!IN_SEL 00000000!IN_SEL0!!!!!!!!!!
S!FPGA_SFP_TX_FLT!FPGA_SFP_TX_FLT!!!!!!!!!!
S!FPGA_SFP_TX_DIS!FPGA_SFP_TX_DIS!!!!!!!!!!
S!F_CDR_CLK_P!F_CDR_CLK_P!!!!F_CDR_CLK!!!!!!
S!F_CDR_CLK_N!F_CDR_CLK_N!!!!F_CDR_CLK!!!!!!
S!P1V 00000008!P1V8!!!!!!!0.3 MM!!!
S!FMC_LA07_P!FMC_LA07_P!!!!!!!!!!
S!FMC_LA07_N!FMC_LA07_N!!!!!!!!!!
S!CDR_LOS!CDR_LOS!!!!!!!!!!
S!CDR_LOL!CDR_LOL!!!!!!!!!!
S!UNNAMED_2_PCA9517_I162_EN!UNNAMED_2_PCA9517_I162_EN!!!!!!!!!!
S!UNNAMED_11_CON20PSFP_I175_VEER!UNNAMED_11_CON20PSFP_I175_VEER!!!!!!!!!!
S!UNNAMED_11_CON20PSFP_I175_VCCT!UNNAMED_11_CON20PSFP_I175_VCCT!!!!!!!!!!
S!UNNAMED_11_CON20PSFP_I175_VCCR!UNNAMED_11_CON20PSFP_I175_VCCR!!!!!!!!!!
S!UNNAMED_11_CON20PSFP_I175_RATES!UNNAMED_11_CON20PSFP_I175_RATES!!!!!!!!!!
S!UNNAMED_11_CON20PSFP_I175_MODDE!UNNAMED_11_CON20PSFP_I175_MODDE!!!!!!!!!!
S!CVCC!CVCC!!!!!!!0.3 MM!!!
S!UNNAMED_2_CON400P40ABCDEFGHJK_I!UNNAMED_2_CON400P40ABCDEFGHJK_I!!!!!!!!!!
S!UNNAMED_11_ADN2814_I23_VREF!UNNAMED_11_ADN2814_I23_VREF!!!!!!!!!!
S!UNNAMED_11_ADN2814_I23_THRADJ!UNNAMED_11_ADN2814_I23_THRADJ!!!!!!!!!!
S!UNNAMED_11_ADN2814_I23_SQUELCH!UNNAMED_11_ADN2814_I23_SQUELCH!!!!!!!!!!
S!UNNAMED_11_ADN2814_I23_CF 00000002!UNNAMED_11_ADN2814_I23_CF2!!!!!!!!!!
S!UNNAMED_11_ADN2814_I23_CF 00000001!UNNAMED_11_ADN2814_I23_CF1!!!!!!!!!!
S!IN_P!IN_P!!!!IN!!!!!!
S!IN_N!IN_N!!!!IN!!!!!!
S!FMC_SDA!FMC_SDA!!!!!!!!!!
S!FMC_SCL!FMC_SCL!!!!!!!!!!
S!FMC_GA 00000001!FMC_GA1!!!!!!!!!!
S!FMC_GA 00000000!FMC_GA0!!!!!!!!!!
S!CTRLVCC!CTRLVCC!!!!!!!0.3 MM!!!
S!GND!GND!!!!!!!0.3 MM!!!
S!P12V!P12V!!!!!!!0.3 MM!!!
S!P3V 00000003!P3V3!!!!!!!0.3 MM!!!
