(---------------------------------------------------------------------)
(                                                                     )
(    ARTWORK LOG                                                      )
(                                                                     )
(    Drawing          : pc053e_toplevel_66.brd                        )
(    Software Version : 17.4S012                                      )
(    Date/Time        : Fri Apr 16 15:03:01 2021                      )
(                                                                     )
(---------------------------------------------------------------------)


 ---- Photoplot outline rectangle not found; using drawing extents.



Results from parameter file ...
    DEVICE-TYPE           GERBER_RS274X
    OUTPUT-UNITS          MM
    FILM-SIZE             2400000 1600000
    FORMAT                2.5
    ABORT-ON-ERROR        NO
    SCALE                 1
    SUPPRESS-LEAD-ZEROES  YES
    SUPPRESS-TRAIL-ZEROES NO
    SUPPRESS-EQUAL        YES
    UNDEF-APT-CONT        NO



================================================================
     PROCESSING FILM < DRILL-1-6 >
     TO FILE < /projects/HEP_Instrumentation/cad/designs/uob-hep-pc053a/trunk/design_files/worklib/pc053e_toplevel/physical/art_DRILL-1-6_pc053e.art > ...
================================================================

  FILM PARAMETERS :
  ---------------------------------------------------------
  Undefined line width                0.2540
  Mirror code                         NONE
  Rotate angle                        NONE
  Offset x:                           0.0000
  Offset y:                           0.0000
  Plot negative                       NO
  Suppress unconnected internal pads  NO
  Draw holes only                     NO

    WARNING: 0 width line found at (-158.3300 -107.6350)
           ... using undefined line width of 0.2540

    WARNING: Multiple 0 width lines; all will be treated the same as the first.
           ... using undefined line width of 0.2540



  APERTURES USED:
  ---------------------------------------------------------
  TYPE       SIZE/NAME                   ROT   MIRROR MODE 
  ---------------------------------------------------------
  CIRCLE     0.00100                                  DARK 
  CIRCLE     0.10000                                  DARK 
  CIRCLE     0.12000                                  DARK 
  CIRCLE     0.12700                                  DARK 
  CIRCLE     0.15200                                  DARK 
  CIRCLE     0.25400                                  DARK 
  CIRCLE     0.30480                                  DARK 
  CIRCLE     0.63500                                  DARK 

     art_DRILL-1-6_pc053e created with warnings


------------------------------------------------------
 SUMMARY:
        art_DRILL-1-6_pc053e created with warnings

 ARTWORK had warnings
