(---------------------------------------------------------------------)
(                                                                     )
(    STEP Export                                                      )
(                                                                     )
(    Software Version : 17.2060                                       )
(    Date/Time        : Mon Jan 20 13:23:47 2020                      )
(                                                                     )
(---------------------------------------------------------------------)


WARNING: Discarding unconnected item on Board Geometry / Outline:
  LINE
  Start (10.9000 66.0000)
  End (10.9000 -3.0000)
WARNING: Discarding unconnected item on Board Geometry / Outline:
  LINE
  Start (10.9000 -3.0000)
  End (-43.4000 -3.0000)
WARNING: Discarding unconnected item on Board Geometry / Outline:
  LINE
  Start (-43.4000 -3.0000)
  End (-43.4000 -1.4000)
WARNING: Discarding unconnected item on Board Geometry / Outline:
  ARC
  Start (-43.4000 -1.4000)
  End (-44.4000 -0.4000)
WARNING: Discarding unconnected item on Board Geometry / Outline:
  LINE
  Start (-44.4000 -0.4000)
  End (-54.1000 -0.4000)
WARNING: Discarding unconnected item on Board Geometry / Outline:
  LINE
  Start (-54.1000 -0.4000)
  End (-54.1000 0.7000)
WARNING: Discarding unconnected item on Board Geometry / Outline:
  ARC
  Start (-54.1000 0.7000)
  End (-55.1000 1.7000)
WARNING: Discarding unconnected item on Board Geometry / Outline:
  LINE
  Start (-55.1000 1.7000)
  End (-65.6000 1.7000)
WARNING: Discarding unconnected item on Board Geometry / Outline:
  LINE
  Start (-65.6000 1.7000)
  End (-65.6000 9.0600)
WARNING: Inside and touched board outline detected at location (-65.6000 1.7000) on layer 'BOARD GEOMETRY/OUTLINE'. IGNORED!


STEP file: P:/cad/designs/uob-hep-pc053a/trunk/design_files/worklib/pc053c_toplevel/physical/3DModel/pc053c_toplevel_61.stp
Design file: P:/cad/designs/uob-hep-pc053a/trunk/design_files/worklib/pc053c_toplevel/physical/pc053c_toplevel_61.brd
Export units: Millimeter
STEP protocol: AP-214
Source identification: allegro_17.2S060
Export selected and highlighted parts?: NO
Export secondary parts?: NO
Export parts with mapped STEP Models?: YES
Ignore STEP definitions for mapped parts?: NO
Export parts without mapped STEP Models?: YES
Export assemblies and enclosures parts?: NO
Export mechanical drills?: YES
Export electrical through pin drills?: NO
Export electrical through via drills?: NO
Export bare board only?: NO
Export external copper?: NO
step_out complete.
