

    Cadence Design Systems, Inc.
    Bomhdl 17.4-2019 S012 (3898062) 10/17/2020
    Copyright 2011 Cadence Design Systems, Inc, Cadence Design Systems, Inc.

    Run on Fri Apr 16 18:45:06 2021


*****************************
*  Processing project file  *
*****************************

    DESIGN_LIBRARY 'uob_hep_pc053a_lib'
    DESIGN_NAME 'pc053e_toplevel'
    VIEW_SCHEMATIC 'sch_1'
    VIEW_PACKAGER 'packaged'
    VIEW_VARIANT 'variant'
    VIEW_BOM ''
    VIEW_CONFIG_PHYSICAL 'cfg_package'
    PPT '/projects/HEP_Instrumentation/cad/bris_cdslib/lib_psd14.x/cds_analogue/cds_analogue.ptf' '/projects/HEP_Instrumentation/cad/bris_cdslib/lib_psd14.x/cds_connectors/cds_connectors.ptf' '/projects/HEP_Instrumentation/cad/bris_cdslib/lib_psd14.x/cds_logic/cds_logic.ptf' '/projects/HEP_Instrumentation/cad/bris_cdslib/lib_psd14.x/cds_pld/cds_pld.ptf' '/projects/HEP_Instrumentation/cad/bris_cdslib/lib_psd14.x/cds_special/cds_special.ptf' '/projects/HEP_Instrumentation/cad/cern_cdslib/lib_psd17.x/pe_cern_lib/cninterface' '/projects/HEP_Instrumentation/cad/cern_cdslib/lib_psd17.x/pe_cern_lib/parttables/cnconnector.ptf' '/projects/HEP_Instrumentation/cad/cern_cdslib/lib_psd17.x/pe_cern_lib/parttables/cndiscrete.ptf' '/projects/HEP_Instrumentation/cad/cern_cdslib/lib_psd17.x/pe_cern_lib/parttables/cnpassive.ptf' '/projects/HEP_Instrumentation/cad/cern_cdslib/lib_psd17.x/pe_cern_lib/cnlinear'
    USE_LIBRARY_PPT 'on'
    MERGE_PPT 'on'
    INCLUDE_PPT ''
    EXCLUDE_PPT ''
    SPREADSHEET 'OFF'
    LAST_OUTPUT_FILE './worklib/pc053a_toplevel/bom/pc053a.csv'
    TEMPLATE_FILE 'template.bom'
    PACKAGED_VARIANT_SYNC_CHECK '1'
    LAST_TEMPLATE_FILE './worklib/pc053a_toplevel/bom/myBOM.bom'
    LAST_STANDARD_OPTION '1'
    LAST_WHAT_TO_OUTPUT '0'
    LAST_VARIANT_FILE ''
    LAST_SS_DELIMITER 'Comma ,'
    USE_FILTERS '0'
    GEN_HIER_BOM '0'
    LAST_CALLOUT_FILE ''
    LAST_VARIANT ''

*********************************
*  End processing project file  *
*********************************

 
Initializing tool communication modules... 

*********************************
*  Loading the design database  *
*********************************

Start loading the design. 
Loading logical design view of pc053e_toplevel 
Setting design view directives...
 
Loading pstX files...
 

Loading... /projects/HEP_Instrumentation/cad/designs/uob-hep-pc053a/trunk/design_files/worklib/pc053e_toplevel/packaged/pstchip.dat
 

Loading... /projects/HEP_Instrumentation/cad/designs/uob-hep-pc053a/trunk/design_files/worklib/pc053e_toplevel/packaged/pstxprt.dat
 

Loading... /projects/HEP_Instrumentation/cad/designs/uob-hep-pc053a/trunk/design_files/worklib/pc053e_toplevel/packaged/pstxnet.dat
 
packaging the design view... 
End loading logical design view of pc053e_toplevel 
Reading cell level PPTs... 
INFO(SPCODD-181): Loading /projects/HEP_Instrumentation/cad/bris_cdslib/lib_psd14.x/cds_analogue/cds_analogue.ptf.
       
INFO(SPCODD-181): Loading /projects/HEP_Instrumentation/cad/bris_cdslib/lib_psd14.x/cds_connectors/cds_connectors.ptf.
       
INFO(SPCODD-181): Loading /projects/HEP_Instrumentation/cad/bris_cdslib/lib_psd14.x/cds_logic/cds_logic.ptf.
       
INFO(SPCODD-181): Loading /projects/HEP_Instrumentation/cad/bris_cdslib/lib_psd14.x/cds_pld/cds_pld.ptf.
       
INFO(SPCODD-181): Loading /projects/HEP_Instrumentation/cad/bris_cdslib/lib_psd14.x/cds_special/cds_special.ptf.
       
INFO(SPCODD-181): Loading /projects/HEP_Instrumentation/cad/cern_cdslib/lib_psd17.x/pe_cern_lib/parttables/cnconnector.ptf.
       
INFO(SPCODD-181): Loading /projects/HEP_Instrumentation/cad/cern_cdslib/lib_psd17.x/pe_cern_lib/parttables/cndiscrete.ptf.
       
INFO(SPCODD-181): Loading /projects/HEP_Instrumentation/cad/cern_cdslib/lib_psd17.x/pe_cern_lib/parttables/cnpassive.ptf.
       
INFO(SPCODD-181): Loading /projects/HEP_Instrumentation/cad/cern_cdslib/lib_psd17.x/pe_cern_lib/cnpassive/capcersmdcl2/part_table/capcersmdcl2.ptf.
       
INFO(SPCODD-181): Loading /projects/HEP_Instrumentation/cad/cern_cdslib/lib_psd17.x/pe_cern_lib/cnlinear/nb7v52m/part_table/nb7v52m.ptf.
       
INFO(SPCODD-181): Loading /projects/HEP_Instrumentation/cad/bris_cdslib/lib_psd14.x/cds_discrete/si5394/part_table/SI5394.ptf.
       
INFO(SPCODD-181): Loading /projects/HEP_Instrumentation/cad/cern_cdslib/lib_psd17.x/pe_cern_lib/cnconnector/con3p/part_table/con3p.ptf.
       
INFO(SPCODD-181): Loading /projects/HEP_Instrumentation/cad/bris_cdslib/lib_psd14.x/cds_discrete/dsc1123ci5/part_table/DSC1123CI5.ptf.
       
INFO(SPCODD-181): Loading /projects/HEP_Instrumentation/cad/cern_cdslib/lib_psd17.x/pe_cern_lib/cnlinear/tps799xx/part_table/part.ptf.
       
INFO(SPCODD-181): Loading /projects/HEP_Instrumentation/cad/cern_cdslib/lib_psd17.x/pe_cern_lib/cnpassive/tp/part_table/tp.ptf.
       
INFO(SPCODD-181): Loading /projects/HEP_Instrumentation/cad/cern_cdslib/lib_psd17.x/pe_cern_lib/cninterface/74avc4t245/part_table/74avc4t245.ptf.
       
INFO(SPCODD-181): Loading /projects/HEP_Instrumentation/cad/cern_cdslib/lib_psd17.x/pe_cern_lib/cninterface/adn2814/part_table/adn2814.ptf.
       
INFO(SPCODD-181): Loading /projects/HEP_Instrumentation/cad/cern_cdslib/lib_psd17.x/pe_cern_lib/cninterface/sy58608u/part_table/sy58608u.ptf.
       
INFO(SPCODD-181): Loading /projects/HEP_Instrumentation/cad/cern_cdslib/lib_psd17.x/pe_cern_lib/cninterface/74avc1t45/part_table/74avc1t45.ptf.
       
INFO(SPCODD-181): Loading /projects/HEP_Instrumentation/cad/cern_cdslib/lib_psd17.x/pe_cern_lib/cninterface/sn74lvc2gu04/part_table/sn74lvc2gu04.ptf.
       
INFO(SPCODD-181): Loading /projects/HEP_Instrumentation/cad/cern_cdslib/lib_psd17.x/pe_cern_lib/cnconnector/con20p_sfp/part_table/con20p_sfp.ptf.
       
INFO(SPCODD-181): Loading /projects/HEP_Instrumentation/cad/cern_cdslib/lib_psd17.x/pe_cern_lib/cndiscrete/inductance/part_table/inductance.ptf.
       
INFO(SPCODD-181): Loading /projects/HEP_Instrumentation/cad/cern_cdslib/lib_psd17.x/pe_cern_lib/cndiscrete/led1/part_table/led1.ptf.
       
INFO(SPCODD-181): Loading /projects/HEP_Instrumentation/cad/cern_cdslib/lib_psd17.x/pe_cern_lib/cnmech/sfp_cage/part_table/sfp_cage.ptf.
       
INFO(SPCODD-181): Loading /projects/HEP_Instrumentation/cad/cern_cdslib/lib_psd17.x/pe_cern_lib/cninterface/pca9306/part_table/pca9306.ptf.
       
INFO(SPCODD-181): Loading /projects/HEP_Instrumentation/cad/cern_cdslib/lib_psd17.x/pe_cern_lib/cnmemory/24aa025e48/part_table/24aa025e48.ptf.
       
INFO(SPCODD-181): Loading /projects/HEP_Instrumentation/cad/cern_cdslib/lib_psd17.x/pe_cern_lib/cninterface/pca9517/part_table/pca9517.ptf.
       
INFO(SPCODD-181): Loading /projects/HEP_Instrumentation/cad/cern_cdslib/lib_psd17.x/pe_cern_lib/cnconnector/con4p/part_table/con4p.ptf.
       
INFO(SPCODD-181): Loading /projects/HEP_Instrumentation/cad/cern_cdslib/lib_psd17.x/pe_cern_lib/cnconnector/con400p_40abcdefghjk/part_table/con400p_40abcdefghjk.ptf.
       
INFO(SPCODD-181): Loading /projects/HEP_Instrumentation/cad/cern_cdslib/lib_psd17.x/pe_cern_lib/cnlinear/adcmp604/part_table/adcmp604.ptf.
       
INFO(SPCODD-181): Loading /projects/HEP_Instrumentation/cad/cern_cdslib/lib_psd17.x/pe_cern_lib/cninterface/74lcx04/part_table/74lcx04.ptf.
       
INFO(SPCODD-181): Loading /projects/HEP_Instrumentation/cad/cern_cdslib/lib_psd17.x/pe_cern_lib/cnconnector/pcoax/part_table/pcoax.ptf.
       
INFO(SPCODD-181): Loading /projects/HEP_Instrumentation/cad/cern_cdslib/lib_psd17.x/pe_cern_lib/cnconnector/con19p/part_table/con19p.ptf.
       
Design loaded successfully. 


******************************************
*  Finished loading the design database  *
******************************************


**********************************
*  Start generating bom reports. *
**********************************

Report generated successfully.

Output file list :
/projects/HEP_Instrumentation/cad/designs/uob-hep-pc053a/trunk/design_files/worklib/pc053a_toplevel/bom/pc053e_summary.csv

*********************************
*  End generating bom reports   *
*********************************


**********************************
*  Start generating bom reports. *
**********************************

Report generated successfully.

Output file list :
/projects/HEP_Instrumentation/cad/designs/uob-hep-pc053a/trunk/design_files/worklib/pc053a_toplevel/bom/pc053e_summary.csv

*********************************
*  End generating bom reports   *
*********************************


**********************************
*  Start generating bom reports. *
**********************************

Report generated successfully.

Output file list :
/projects/HEP_Instrumentation/cad/designs/uob-hep-pc053a/trunk/design_files/worklib/pc053e_toplevel/bom/pc053e_summary.csv

*********************************
*  End generating bom reports   *
*********************************


**********************************
*  Start generating bom reports. *
**********************************

Report generated successfully.

Output file list :
/projects/HEP_Instrumentation/cad/designs/uob-hep-pc053a/trunk/design_files/worklib/pc053e_toplevel/bom/pc053e_summary.csv

*********************************
*  End generating bom reports   *
*********************************


**********************************
*  Start generating bom reports. *
**********************************

Report generated successfully.

Output file list :
/projects/HEP_Instrumentation/cad/designs/uob-hep-pc053a/trunk/design_files/worklib/pc053e_toplevel/bom/pc053e_1per_line.csv

*********************************
*  End generating bom reports   *
*********************************

